   0.00000000    
   4.70545143E-04
   1.02479011E-03
   1.67547539E-03
   2.43666023E-03
   3.32399458E-03
   4.35475633E-03
   5.54801151E-03
   6.92449883E-03
   8.50676000E-03
   1.03192963E-02
   1.23883039E-02
   1.47417448E-02
   1.74094513E-02
   2.04227939E-02
   2.38146186E-02
   2.76192576E-02
   3.18718553E-02
   3.66086140E-02
   4.18661907E-02
   4.76815030E-02
   5.40912673E-02
   6.11314252E-02
   6.88369051E-02
   7.72413686E-02
   8.63758624E-02
   9.62691158E-02
  0.106946871    
  0.118431017    
  0.130739167    
  0.143884361    
  0.157874465    
  0.172711805    
  0.188392535    
  0.204906702    
  0.222237825    
  0.240362704    
  0.259251535    
  0.278867483    
  0.299167424    
  0.320101947    
  0.341615111    
  0.363645643    
  0.386127323    
  0.408989012    
  0.432155907    
  0.455550104    
  0.479091018    
  0.502697110    
  0.526285172    
  0.549773455    
  0.573080301    
  0.596126437    
  0.618834853    
  0.641132474    
  0.662950039    
  0.684223533    
  0.704893589    
  0.724907398    
  0.744217992    
  0.762784839    
  0.780574322    
  0.797559142    
  0.813719392    
  0.829041123    
  0.843517065    
  0.857145905    
  0.869932652    
  0.881887436    
  0.893024921    
  0.903365016    
  0.912931204    
  0.921750546    
  0.929852724    
  0.937270045    
  0.944036722    
  0.950188398    
  0.955761194    
  0.960791945    
  0.965317607    
  0.969374657    
  0.972998738    
  0.976224899    
  0.979086757    
  0.981616616    
  0.983845234    
  0.985801339    
  0.987512350    
  0.989004016    
  0.990299702    
  0.991420984    
  0.992388129    
  0.993219733    
  0.993931890    
  0.994539738    
  0.995056748    
  0.995494962    
  0.995865107    
  0.996176481    
  0.996437669    
  0.996656060    
  0.996837974    
  0.996988893    
  0.997113466    
  0.997216463    
  0.997300982    
  0.997370005    
  0.997426391    
  0.997472048    
  0.997509122    
  0.997539043    
  0.997563243    
  0.997582436    
  0.997597814    
  0.997610092    
  0.997619629    
  0.997627378    
  0.997633219    
  0.997638106    
  0.997641683    
  0.997644424    
  0.997646689    
  0.997648358    
  0.997649670    
  0.997650743    
  0.997651458    
  0.997651935    
  0.997652411    
  0.997652650    
  0.997653008    
  0.997652888    
  0.997653008    
  0.997653365    
  0.997653365    
  0.997653246    
  0.997653246    
  0.997653246    
  0.997653127    
  0.997653008    
  0.997653127    
  0.997653008    
  0.997652888    
  0.997652888    
  0.997652888    
  0.997652769    
  0.997652650    
  0.997652531    
  0.997652411    
  0.997652411    
  0.997652292    
  0.997652292    
  0.997652173    
  0.997652292    
  0.997652292    
  0.997652292    
  0.997652054    
  0.997651935    
  0.997651935    
  0.997652054    
  0.997651935    
  0.997651935    
  0.997651696    
  0.997651696    
  0.997651815    
  0.997651696    
  0.997651696    
  0.997651577    
  0.997651458    
  0.997651339    
  0.997651339    
  0.997651219    
  0.997651100    
  0.997651100    
  0.997651100    
  0.997651219    
  0.997650981    
  0.997650862    
  0.997650981    
  0.997650862    
  0.997650743    
  0.997650743    
  0.997650504    
  0.997650623    
  0.997650504    
  0.997650504    
  0.997650504    
  0.997650385    
  0.997650385    
  0.997650385    
  0.997650266    
  0.997650266    
  0.997650266    
  0.997650146    
  0.997650146    
  0.997649908    
  0.997649908    
  0.997650027    
  0.997650027    
  0.997649908    
  0.997649789    
  0.997649789    
  0.997649670    
  0.997649670    
  0.997649550    
  0.997649431    
  0.997649431    
  0.997649312    
  0.997649312    
  0.997649193    
  0.997649193    
  0.997649074    
  0.997648954    
  0.997648835    
  0.997648954    
  0.997648716    
  0.997648716    
  0.997648597    
  0.997648597    
  0.997648478    
  0.997648478    
  0.997648358    
  0.997648239    
  0.997648358    
  0.997648239    
  0.997648120    
  0.997648239    
  0.997648001    
  0.997648120    
  0.997648001    
  0.997647882    
  0.997648001    
  0.997647762    
  0.997647643    
  0.997647643    
  0.997647524    
  0.997647524    
  0.997647524    
  0.997647405    
  0.997647405    
  0.997647524    
  0.997647285    
  0.997647405    
  0.997647166    
  0.997647047    
  0.997647047    
  0.997647047    
  0.997647047    
  0.997647047    
  0.997646928    
  0.997646928    
  0.997646809    
  0.997646928    
  0.997646809    
  0.997646689    
  0.997646689    
  0.997646809    
  0.997646570    
  0.997646689    
  0.997646570    
  0.997646451    
  0.997646570    
  0.997646570    
  0.997646332    
  0.997646332    
  0.997646213    
  0.997646093    
  0.997646093    
  0.997646093    
  0.997645974    
  0.997646093    
  0.997645974    
  0.997645974    
  0.997645855    
  0.997645855    
  0.997645855    
  0.997645617    
  0.997645497    
  0.997645497    
  0.997645497    
  0.997645497    
  0.997645378    
  0.997645259    
  0.997645259    
  0.997645140    
  0.997645140    
  0.997645020    
  0.997645140    
  0.997645020    
  0.997645020    
  0.997644901    
  0.997644901    
  0.997644901    
  0.997644782    
  0.997644782    
  0.997644782    
  0.997644544    
  0.997644544    
  0.997644424    
  0.997644424    
  0.997644424    
  0.997644186    
  0.997644305    
  0.997644305    
  0.997644067    
  0.997644186    
  0.997644067    
  0.997644067    
  0.997644186    
  0.997644067    
  0.997644067    
  0.997643948    
  0.997643828    
  0.997643709    
  0.997643709    
  0.997643709    
  0.997643590    
  0.997643590    
  0.997643471    
  0.997643590    
  0.997643471    
  0.997643352    
  0.997643471    
  0.997643352    
  0.997643232    
  0.997643232    
  0.997643113    
  0.997642994    
  0.997643113    
  0.997642875    
  0.997642756    
  0.997642756    
  0.997642756    
  0.997642636    
  0.997642636    
  0.997642636    
  0.997642636    
  0.997642398    
  0.997642279    
  0.997642279    
  0.997642279    
  0.997642159    
  0.997642040    
  0.997642040    
  0.997642040    
  0.997641802    
  0.997641921    
  0.997641802    
  0.997641683    
  0.997641683    
  0.997641563    
  0.997641683    
  0.997641563    
  0.997641444    
  0.997641325    
  0.997641206    
  0.997641325    
  0.997641325    
  0.997641206    
  0.997641087    
  0.997640967    
  0.997640967    
  0.997640848    
  0.997640967    
  0.997640729    
  0.997640610    
  0.997640729    
  0.997640491    
  0.997640610    
  0.997640491    
  0.997640610    
  0.997640252    
  0.997640252    
  0.997640252    
  0.997640014    
  0.997640133    
  0.997640133    
  0.997640014    
  0.997639775    
  0.997639775    
  0.997639894    
  0.997639894    
  0.997639775    
  0.997639656    
  0.997639775    
  0.997639537    
  0.997639418    
  0.997639537    
  0.997639418    
  0.997639537    
  0.997639298    
  0.997639298    
  0.997639179    
  0.997639179    
  0.997639060    
  0.997639060    
  0.997638822    
  0.997638941    
  0.997638822    
  0.997638822    
  0.997638702    
  0.997638583    
  0.997638702    
  0.997638702    
  0.997638464    
  0.997638464    
  0.997638464    
  0.997638464    
  0.997638464    
  0.997638345    
  0.997638106    
  0.997638226    
  0.997638106    
  0.997638106    
  0.997637868    
  0.997637987    
  0.997637868    
  0.997637749    
  0.997637749    
  0.997637749    
  0.997637868    
  0.997637510    
  0.997637749    
  0.997637510    
  0.997637630    
  0.997637391    
  0.997637272    
  0.997637272    
  0.997637272    
  0.997637153    
  0.997637153    
  0.997637153    
  0.997637033    
  0.997636914    
  0.997637033    
  0.997636795    
  0.997636914    
  0.997636795    
  0.997636557    
  0.997636676    
  0.997636557    
  0.997636676    
  0.997636437    
  0.997636437    
  0.997636437    
  0.997636318    
  0.997636318    
  0.997636080    
  0.997636199    
  0.997636199    
  0.997635961    
  0.997635961    
  0.997635961    
  0.997635961    
  0.997635841    
  0.997635722    
  0.997635841    
  0.997635603    
  0.997635603    
  0.997635722    
  0.997635603    
  0.997635722    
  0.997635484    
  0.997635484    
  0.997635603    
  0.997635365    
  0.997635007    
  0.997635245    
  0.997635126    
  0.997635007    
  0.997635126    
  0.997634888    
  0.997635007    
  0.997634768    
  0.997634768    
  0.997634649    
  0.997634768    
  0.997634530    
  0.997634530    
  0.997634768    
  0.997634530    
  0.997634411    
  0.997634292    
  0.997634292    
  0.997634530    
  0.997634411    
  0.997634292    
  0.997634292    
  0.997634053    
  0.997634053    
  0.997633934    
  0.997633934    
  0.997633815    
  0.997633815    
  0.997634053    
  0.997633696    
  0.997633696    
  0.997633696    
  0.997633696    
  0.997633576    
  0.997633576    
  0.997633576    
  0.997633457    
  0.997633338    
  0.997633576    
  0.997633338    
  0.997633338    
  0.997633100    
  0.997633219    
  0.997633219    
  0.997633219    
  0.997632980    
  0.997633219    
  0.997632623    
  0.997632861    
  0.997632742    
  0.997632861    
  0.997632742    
  0.997632504    
  0.997632504    
  0.997632504    
  0.997632384    
  0.997632146    
  0.997632265    
  0.997632146    
  0.997632265    
  0.997632027    
  0.997632265    
  0.997632146    
  0.997631907    
  0.997632027    
  0.997631907    
  0.997631907    
  0.997631550    
  0.997631550    
  0.997631669    
  0.997631550    
  0.997631431    
  0.997631550    
  0.997631431    
  0.997631311    
  0.997631192    
  0.997631192    
  0.997631192    
  0.997631192    
  0.997630954    
  0.997630954    
  0.997631073    
  0.997631073    
  0.997631073    
  0.997631073    
  0.997631073    
  0.997630954    
  0.997630715    
  0.997630715    
  0.997630715    
  0.997630596    
  0.997630596    
  0.997630358    
  0.997630358    
  0.997630358    
  0.997630358    
  0.997630119    
  0.997630239    
  0.997630358    
  0.997630000    
  0.997629881    
  0.997630000    
  0.997630000    
  0.997629642    
  0.997629642    
  0.997629762    
  0.997629404    
  0.997629404    
  0.997629285    
  0.997629166    
  0.997629285    
  0.997629166    
  0.997629404    
  0.997628927    
  0.997628927    
  0.997629166    
  0.997628808    
  0.997628570    
  0.997628927    
  0.997628450    
  0.997628450    
  0.997628570    
  0.997628689    
  0.997628450    
  0.997628331    
  0.997628331    
  0.997628331    
  0.997628212    
  0.997627974    
  0.997628093    
  0.997628212    
  0.997628093    
  0.997628212    
  0.997627735    
  0.997627854    
  0.997627974    
  0.997627735    
  0.997627497    
  0.997627616    
  0.997627139    
  0.997627258    
  0.997627497    
  0.997627139    
  0.997627258    
  0.997627139    
  0.997627020    
  0.997627258    
  0.997627258    
  0.997627020    
  0.997627139    
  0.997627139    
  0.997626781    
  0.997626662    
  0.997626901    
  0.997626543    
  0.997626901    
  0.997626781    
  0.997626424    
  0.997626781    
  0.997626424    
  0.997626543    
  0.997626662    
  0.997626543    
  0.997626305    
  0.997626066    
  0.997626424    
  0.997626424    
  0.997625828    
  0.997626066    
  0.997625947    
  0.997626305    
  0.997626066    
  0.997625709    
  0.997625589    
  0.997625589    
  0.997625470    
  0.997625470    
  0.997625709    
  0.997625470    
  0.997625351    
  0.997625470    
  0.997624755    
  0.997625232    
  0.997624874    
  0.997624755    
  0.997624874    
  0.997624993    
  0.997624636    
  0.997624397    
  0.997624755    
  0.997624159    
  0.997624397    
  0.997624516    
  0.997624874    
  0.997624516    
  0.997624278    
  0.997624040    
  0.997624516    
  0.997624040    
  0.997624516    
  0.997624397    
  0.997624040    
  0.997623920    
  0.997623801    
  0.997623563    
  0.997623801    
  0.997623444    
  0.997623205    
  0.997623205    
  0.997623682    
  0.997623563    
  0.997623563    
  0.997623563    
  0.997623324    
  0.997623086    
  0.997623205    
  0.997622967    
  0.997623205    
  0.997622848    
  0.997623086    
  0.997622728    
  0.997622848    
  0.997622728    
  0.997622609    
  0.997622490    
  0.997622728    
  0.997622609    
  0.997622609    
  0.997621894    
  0.997622371    
  0.997622490    
  0.997622490    
  0.997622728    
  0.997622013    
  0.997622013    
  0.997622132    
  0.997621655    
  0.997621775    
  0.997621894    
  0.997621655    
  0.997622013    
  0.997621536    
  0.997621417    
  0.997621655    
  0.997621536    
  0.997621417    
  0.997621536    
  0.997621417    
  0.997621298    
  0.997621298    
  0.997621655    
  0.997621179    
  0.997621179    
  0.997621536    
  0.997621417    
  0.997621417    
  0.997620821    
  0.997620940    
  0.997621179    
  0.997620344    
  0.997620583    
  0.997620463    
  0.997620583    
  0.997620463    
  0.997620106    
  0.997620463    
  0.997620702    
  0.997620225    
  0.997619629    
  0.997620225    
  0.997620106    
  0.997619629    
  0.997619748    
  0.997619987    
  0.997620225    
  0.997620106    
  0.997620106    
  0.997619987    
  0.997619987    
  0.997619629    
  0.997619987    
  0.997620225    
  0.997619748    
  0.997619748    
  0.997620106    
  0.997619867    
  0.997619510    
  0.997619629    
  0.997619629    
  0.997619748    
  0.997619629    
  0.997619390    
  0.997619152    
  0.997619510    
  0.997619390    
  0.997619271    
  0.997619271    
  0.997618794    
  0.997619510    
  0.997619271    
  0.997619152    
  0.997618675    
  0.997618794    
  0.997618198    
  0.997618198    
  0.997618556    
  0.997618079    
  0.997618437    
  0.997618198    
  0.997617841    
  0.997617960    
  0.997617483    
  0.997617602    
  0.997617245    
  0.997618079    
  0.997617841    
  0.997617483    
  0.997617841    
  0.997617483    
  0.997617960    
  0.997617602    
  0.997617483    
  0.997617483    
  0.997617245    
  0.997617364    
  0.997617960    
  0.997617006    
  0.997617126    
  0.997617841    
  0.997617364    
  0.997617245    
  0.997616887    
  0.997617006    
  0.997616768    
  0.997616291    
  0.997616172    
  0.997616529    
  0.997616768    
  0.997616768    
  0.997616529    
  0.997616887    
  0.997616768    
  0.997616410    
  0.997616768    
  0.997616291    
  0.997617483    
  0.997616649    
  0.997616649    
  0.997616291    
  0.997616410    
  0.997616172    
  0.997616768    
  0.997616410    
  0.997616529    
  0.997616649    
  0.997616172    
  0.997615576    
  0.997616291    
  0.997615457    
  0.997615695    
  0.997615576    
  0.997615457    
  0.997615337    
  0.997615337    
  0.997615337    
  0.997614622    
  0.997614741    
  0.997614503    
  0.997614741    
  0.997614622    
  0.997614622    
  0.997614861    
  0.997614622    
  0.997614741    
  0.997614861    
  0.997614622    
  0.997613788    
  0.997614503    
  0.997615099    
  0.997614264    
  0.997614622    
  0.997614980    
  0.997614503    
  0.997615218    
  0.997614145    
  0.997614384    
  0.997614741    
  0.997613907    
  0.997614026    
  0.997613668    
  0.997614145    
  0.997613907    
  0.997613907    
  0.997613907    
  0.997613788    
  0.997613430    
  0.997613311    
  0.997613311    
  0.997613072    
  0.997612953    
  0.997612834    
  0.997612715    
  0.997612834    
  0.997613192    
  0.997612953    
  0.997612357    
  0.997612953    
  0.997612596    
  0.997612834    
  0.997613668    
  0.997612476    
  0.997612476    
  0.997612834    
  0.997611880    
  0.997612119    
  0.997612238    
  0.997612596    
  0.997612357    
  0.997612119    
  0.997612000    
  0.997611403    
  0.997611165    
  0.997612119    
  0.997611523    
  0.997612119    
  0.997611165    
  0.997612000    
  0.997611523    
  0.997611761    
  0.997610211    
  0.997610688    
  0.997611046    
  0.997611046    
  0.997610927    
  0.997610688    
  0.997610569    
  0.997610450    
  0.997609735    
  0.997610569    
  0.997609854    
  0.997610211    
  0.997609615    
  0.997611046    
  0.997610211    
  0.997610450    
  0.997610211    
  0.997609735    
  0.997609854    
  0.997610450    
  0.997610569    
  0.997609854    
  0.997609377    
  0.997610211    
  0.997609973    
  0.997609735    
  0.997610092    
  0.997609735    
  0.997609615    
  0.997609138    
  0.997609377    
  0.997609019    
  0.997609019    
  0.997607946    
  0.997608423    
  0.997608185    
  0.997608781    
  0.997608423    
  0.997608185    
  0.997609258    
  0.997608662    
  0.997608662    
  0.997608423    
  0.997608662    
  0.997608900    
  0.997608423    
  0.997608304    
  0.997608542    
  0.997608423    
  0.997607589    
  0.997607946    
  0.997608662    
  0.997607827    
  0.997608304    
  0.997607470    
  0.997607470    
  0.997607112    
  0.997607350    
  0.997608185    
  0.997608066    
  0.997607470    
  0.997607470    
  0.997607112    
  0.997607231    
  0.997606516    
  0.997606277    
  0.997606754    
  0.997606754    
  0.997606635    
  0.997606158    
  0.997606635    
  0.997606397    
  0.997606039    
  0.997606277    
  0.997606277    
  0.997606158    
  0.997606397    
  0.997607589    
  0.997607112    
  0.997606874    
  0.997606277    
  0.997606158    
  0.997607112    
  0.997606277    
  0.997606754    
  0.997606754    
  0.997605681    
  0.997606874    
  0.997606754    
  0.997607112    
  0.997608185    
  0.997609377    
  0.997609973    
  0.997612715    
  0.997613430    
  0.997616053    
  0.997620463    
  0.997624636    
  0.997631788    
  0.997640610    
  0.997651339    
  0.997668505    
  0.997688532    
  0.997715354    
  0.997749567    
  0.997793913    
  0.997853160    
  0.997927547    
  0.998023510    
  0.998144984    
  0.998300076    
  0.998497367    
  0.998744965    
  0.999058485    
  0.999451995    
  0.999943852    
   1.00055516    
   1.00131595    
   1.00225568    
   1.00341547    
   1.00484049    
   1.00658453    
   1.00871336    
   1.01130092    
   1.01443481    
   1.01822007    
   1.02277243    
   1.02823079    
   1.03475010    
   1.04251373    
