   0.0000000    
 -2.15274731E-08
 -4.11043928E-08
 -4.27896829E-08
 -3.84063590E-08
 -5.18119947E-08
 -5.20278967E-08
 -2.65686531E-08
 -1.93958201E-08
 -1.44776262E-08
 -6.41847062E-11
  1.57079736E-08
  4.35941843E-08
  7.30670706E-08
  1.18353668E-07
  3.83887851E-07
  1.12642147E-06
  3.07229470E-06
  8.19265915E-06
  2.11676434E-05
  5.27220618E-05
  1.26369574E-04
  2.91800388E-04
  6.49149879E-04
  1.39107066E-03
  2.87138810E-03
  5.70943346E-03
  1.09361643E-02
  2.01789290E-02
  3.58670913E-02
  6.14126548E-02
  0.10129412    
  0.16094419    
  0.24633728    
  0.36320275    
  0.51586086    
  0.70579797    
  0.93023461    
   1.1810515    
   1.4444734    
   1.7018238    
   1.9314522    
   2.1116290    
   2.2239020    
   2.2562022    
   2.2049799    
   2.0758483    
   1.8825691    
   1.6446387    
   1.3840584    
   1.1220253    
  0.87622404    
  0.65916187    
  0.47767583    
  0.33345628    
  0.22423777    
  0.14525887    
  9.06444117E-02
  5.44883944E-02
  3.15523185E-02
  1.76004004E-02
  9.45756212E-03
  4.89555858E-03
  2.44111358E-03
  1.17251009E-03
  5.42522175E-04
  2.41832604E-04
  1.03821265E-04
  4.29486536E-05
  1.70914500E-05
  6.54704127E-06
  2.41987345E-06
  7.91623847E-07
  2.08473665E-07
  5.52747146E-08
 -4.71633612E-08
 -5.20850776E-08
 -7.66201183E-08
 -7.11123178E-08
 -3.75791842E-08
 -7.78822979E-08
 -6.07857942E-08
 -1.37394540E-08
 -2.54453543E-08
 -1.32100455E-08
 -1.21617250E-08
  4.40740955E-09
 -2.25915429E-08
 -5.68041649E-08
 -7.62904335E-08
 -2.63449031E-08
 -4.82494649E-08
 -4.11390424E-08
 -4.45202488E-08
 -2.23334808E-08
 -2.03113775E-08
 -3.21003171E-08
 -2.97415781E-08
 -7.57719498E-10
  2.79983343E-08
  3.22466569E-08
  7.91672932E-08
  1.06111649E-07
  8.70937242E-08
  9.16661875E-08
  1.66701454E-07
  1.20686735E-07
  7.01759717E-08
  8.71284058E-08
  4.79163802E-08
  1.09935483E-08
 -4.46700241E-08
 -4.14122283E-08
 -2.40095925E-08
 -2.12195905E-09
 -3.18874811E-08
 -6.84038559E-09
  8.98980623E-09
  1.10195124E-08
  4.58610998E-08
  2.44424818E-08
  6.19711500E-08
  8.85044571E-08
  5.96430851E-08
  3.84028844E-08
  2.86384587E-08
 -1.29123627E-08
 -3.68152442E-08
 -8.65781971E-08
 -8.87629525E-08
 -1.24870965E-07
 -1.15033494E-07
 -1.11116265E-07
 -9.04028710E-08
 -3.63493093E-08
 -4.71390438E-09
  1.42047156E-08
  8.84885853E-09
  4.71106389E-08
  3.99778841E-08
  3.88187935E-08
  3.18757176E-09
 -7.29124627E-09
 -6.80172452E-09
 -4.44058408E-08
 -5.67630281E-08
 -7.03939520E-08
 -7.00117511E-08
 -8.12710610E-08
 -9.11110618E-08
 -9.00628976E-08
 -9.12104738E-08
 -1.18450423E-07
 -1.13599363E-07
 -1.06706722E-07
 -7.61534054E-08
 -6.95623470E-08
 -5.50708918E-08
 -2.87190609E-08
 -8.24407417E-11
 -2.57457078E-09
  1.61560667E-08
  4.56757547E-08
  4.43943442E-08
  3.78469096E-08
  5.43329186E-08
  2.70641376E-08
  9.18154370E-08
  5.56749242E-08
  2.58121502E-09
  7.37841503E-08
  5.29155422E-08
  5.82795998E-08
  2.28407142E-08
  5.99602075E-08
  1.35650664E-08
  2.77163537E-08
 -3.96021527E-08
 -4.45992328E-08
 -2.61063011E-08
 -3.58939474E-08
 -8.37925498E-08
 -6.96841767E-08
 -6.34281747E-08
 -8.75917152E-08
 -6.19119831E-08
 -5.37216991E-08
 -3.93897572E-08
 -1.99144079E-08
 -3.68682755E-08
 -1.18001706E-08
  3.69141731E-08
 -5.06464293E-09
  2.57181298E-08
  2.62300155E-08
  2.68591727E-08
  2.59660471E-08
  2.17478568E-08
  1.33257174E-08
  2.72291967E-08
  3.48451081E-08
  6.64480169E-08
  7.93919241E-08
  5.40551177E-08
  8.69778773E-08
  8.07067053E-08
  1.01971445E-07
  8.49046131E-08
  6.18437426E-08
  2.73656884E-08
  6.38729380E-09
 -5.71605341E-08
 -7.67203971E-08
 -1.24961574E-07
 -1.41880506E-07
 -1.76608097E-07
 -1.73451255E-07
 -1.54140537E-07
 -1.53870289E-07
 -1.50657470E-07
 -1.33782265E-07
 -9.77661827E-08
 -5.72116825E-08
  9.34697564E-09
  2.84388371E-08
  8.06543383E-08
  1.21551253E-07
  1.35450080E-07
  1.46220472E-07
  1.73626759E-07
  1.58944530E-07
  1.49581368E-07
  1.26313978E-07
  1.75396707E-07
  1.39003291E-07
  4.09517860E-08
  7.85535761E-08
  6.47752927E-08
  2.32815776E-08
 -1.92632879E-08
 -3.85205112E-09
 -4.02409128E-08
 -4.71466173E-08
 -6.95877844E-08
 -3.81870073E-08
 -3.33736523E-08
 -6.38803010E-10
 -4.42993979E-08
 -3.51244767E-09
 -3.55478313E-10
 -3.13710160E-08
  5.97023320E-09
  7.05671965E-09
  3.96177313E-09
  4.92441599E-09
 -1.49141552E-08
 -6.00502759E-08
 -4.43215313E-08
 -7.57035963E-08
 -1.00788725E-07
 -1.12548541E-07
 -1.11153277E-07
 -1.23228858E-07
 -1.15596862E-07
 -1.32267118E-07
 -1.31804242E-07
 -1.83974493E-07
 -1.21244824E-07
 -1.65329496E-07
 -1.01265435E-07
 -8.01229803E-08
 -1.85935445E-08
  5.13234291E-08
  8.18485120E-08
  1.08115572E-07
  1.19177606E-07
  1.12501063E-07
  1.23670304E-07
  1.20154311E-07
  1.05340689E-07
  9.74534160E-08
  6.57080150E-08
  2.83638677E-08
 -1.30402027E-08
 -6.66152928E-08
 -6.62278481E-08
 -9.26840613E-08
 -8.30752782E-08
 -5.86721285E-08
 -4.36555538E-08
  9.23556343E-09
  1.00490240E-07
  1.22729702E-07
  1.34108802E-07
  1.95067628E-07
  1.78601866E-07
  2.14047503E-07
  3.24224203E-07
  2.31317671E-07
  3.41561275E-07
  1.91872971E-07
  1.00655164E-07
  2.47900942E-07
  1.78891597E-07
  2.15515698E-07
 -8.55110915E-09
  1.12273973E-07
  4.75833239E-08
  2.32068409E-08
  3.33310908E-08
 -8.27453128E-09
 -3.21401394E-08
 -4.60378899E-08
 -5.06463245E-08
 -3.05123571E-08
 -3.01564391E-08
 -3.16312239E-08
  1.13010001E-08
  4.22905622E-09
 -6.00957222E-08
 -6.78196699E-09
 -2.40251303E-08
 -4.83555844E-08
 -4.65083616E-08
 -6.08168449E-08
 -8.02584523E-08
 -1.16625870E-07
 -1.21488029E-07
 -1.87723259E-07
 -1.68420868E-07
 -9.46458414E-08
 -1.13948076E-07
 -1.10551277E-07
 -6.17932443E-08
 -7.74644207E-08
 -4.24547615E-08
 -1.00781591E-07
 -2.79172307E-09
  2.91348101E-08
  7.81567877E-08
  6.45856204E-08
  7.40770858E-08
  9.01174388E-08
  1.08630175E-07
  1.00412151E-07
  8.52183604E-08
  5.89059006E-08
  8.68941825E-08
 -9.51636192E-09
 -1.34317117E-08
 -2.44704506E-08
 -7.87349563E-08
 -1.12381102E-07
 -1.15562507E-07
 -1.28415991E-07
 -6.38036468E-08
 -7.84607792E-08
 -2.98063192E-08
 -5.03460420E-08
  1.13271831E-07
  1.52740412E-07
  1.70946549E-07
  1.46253072E-07
  1.86688155E-07
  2.53750073E-07
  2.71347233E-07
  2.31577033E-07
  2.85064942E-07
  2.83923299E-07
  1.80241145E-07
  8.73564616E-08
  1.30215952E-07
  7.65891457E-08
  4.44432047E-08
  4.83709961E-08
  3.68398423E-09
 -1.18349650E-08
 -3.00706020E-08
 -5.70109222E-08
 -8.44166124E-08
 -7.93397916E-08
 -1.09687221E-07
 -1.02016408E-07
 -7.42135313E-08
 -1.30942553E-07
 -7.95784914E-08
 -1.07414976E-07
 -5.11376399E-08
 -4.78129749E-08
 -5.79433568E-08
 -1.67025789E-08
 -5.24999955E-08
 -3.19925846E-08
 -8.18722725E-08
 -9.13861911E-08
 -2.56281947E-08
 -7.28335152E-08
 -2.12804494E-08
 -5.98861121E-08
 -2.98997200E-08
 -6.41224531E-08
 -3.36154571E-08
 -2.43715466E-08
  3.40438362E-08
  8.96821017E-09
  2.90574693E-08
  4.79349254E-08
  6.97968900E-08
  6.35485122E-08
  5.84477000E-08
  1.15767435E-07
  1.37191549E-07
  1.41908771E-07
  8.12669612E-08
  1.40244538E-07
  9.94036498E-08
  7.57680709E-08
  5.49424897E-08
  3.51334393E-08
  9.98754146E-09
  7.50836637E-09
 -7.81960594E-08
 -4.77091291E-08
 -1.33994618E-07
 -2.16395307E-07
 -1.55035934E-07
 -2.35444233E-07
 -3.97523934E-08
 -1.45431756E-07
 -9.27385031E-08
 -1.24852704E-07
 -4.92882037E-08
 -2.28323714E-07
 -2.44823923E-07
 -9.89142848E-08
 -6.15879117E-08
 -1.20488096E-07
 -9.14244040E-08
 -1.07420718E-07
 -1.14974064E-07
 -1.16205818E-07
 -6.21758076E-08
 -6.15326101E-08
 -2.25840999E-08
  1.98077021E-09
  9.64169260E-08
  6.26729388E-08
  9.48279251E-08
  1.24404963E-07
  1.57983777E-07
  2.02444440E-07
  1.31038036E-07
  1.34219320E-07
  1.73627399E-07
  7.77535618E-08
  5.71043159E-08
  7.87698511E-08
  6.75505376E-08
  6.06580670E-08
 -2.71893654E-08
 -1.80102706E-08
  1.15793748E-08
 -1.00953535E-07
 -6.09133153E-08
 -4.41601671E-08
 -5.60373827E-08
 -1.35378087E-07
 -9.04519979E-08
 -9.15806382E-08
 -9.64218358E-08
 -1.01303506E-07
 -1.11480588E-07
 -1.45887114E-07
 -1.16682791E-07
 -1.24802654E-07
 -6.54704735E-08
 -9.52574410E-08
 -1.23981607E-07
 -6.72731417E-08
 -8.67949055E-08
 -7.39502397E-08
 -1.25654111E-07
 -2.14767919E-08
 -8.29672473E-08
 -1.17537581E-07
 -8.34126155E-08
 -1.01735083E-07
 -1.57260970E-07
 -3.90457977E-08
 -1.30109740E-07
  7.29939487E-08
 -5.89261546E-08
 -3.31938352E-08
  1.34066568E-07
  9.41103693E-08
 -1.17867405E-08
  2.72841998E-08
 -8.38523084E-10
  5.13971017E-08
  1.03816134E-07
  7.48966400E-08
  2.09836315E-07
  2.60271150E-07
  1.93157405E-07
  1.76701761E-07
  1.28497589E-07
  1.61176260E-07
  1.27403595E-07
  7.92818255E-08
  1.15029572E-07
  9.60488791E-08
  1.53677220E-07
  1.69356269E-07
  1.17600763E-07
  1.83831204E-07
  1.23151793E-07
  1.05288748E-07
  9.89068170E-08
  5.25684953E-08
  9.49294972E-08
 -1.17172668E-07
 -2.13025935E-08
 -1.04267578E-07
 -1.46363092E-07
 -1.93628381E-07
 -3.03841205E-07
 -2.19131607E-07
 -2.93773894E-07
 -2.47572274E-07
 -2.14664567E-07
 -2.51014427E-07
 -2.19527024E-07
 -1.47291615E-07
 -8.10870304E-08
 -7.57042429E-08
 -8.86050344E-09
  5.08596720E-08
 -1.90505940E-08
  9.68032339E-08
 -8.68242545E-09
  2.06534416E-08
  6.48599467E-08
  1.24073338E-07
  1.34380059E-07
  1.34864493E-07
  1.75008793E-07
 -2.32830644E-08
  3.75741507E-07
 -1.83383307E-07
  2.97901266E-07
  6.21059371E-07
 -2.32830644E-08
  3.00870994E-07
  3.01867004E-07
 -2.32830644E-08
  3.03868177E-07
  3.04873396E-07
  3.05881684E-07
  6.37069206E-07
 -2.32830644E-08
  3.08925195E-07
  3.09945932E-07
 -2.32830644E-08
 -2.32830644E-08
  1.44871990E-07
 -1.91954797E-07
 -1.92473067E-07
 -1.08137996E-07
 -1.29677630E-07
 -1.94037440E-07
 -1.51742341E-07
 -2.43408607E-07
 -2.19850619E-07
 -2.17753609E-07
 -1.45200616E-07
 -1.87018685E-07
 -1.78832806E-07
 -1.36757748E-07
 -5.97099614E-08
 -5.89406568E-08
  2.06120081E-08
  8.86191742E-08
  7.31006082E-08
  1.49105176E-07
  9.26821500E-08
  3.11703957E-07
  2.60167155E-07
  3.38593424E-07
  2.15174424E-07
  1.30715236E-07
  2.84336295E-07
  1.47710026E-07
  7.34750571E-08
  9.21975101E-08
 -6.54982273E-08
 -1.68195385E-07
 -1.84114256E-07
 -1.31868333E-07
 -2.56454541E-07
 -1.29291649E-07
 -2.63041954E-07
 -2.12415159E-07
 -2.37981396E-07
 -1.98628314E-07
 -2.57404707E-07
 -2.30437635E-07
 -2.99748365E-07
 -2.62079197E-07
 -2.85167886E-07
 -2.78629642E-07
 -2.65133934E-07
 -2.78080421E-07
 -3.24437167E-07
 -1.91140913E-07
 -2.10316372E-07
 -1.84752224E-07
 -7.50800169E-08
 -9.22620700E-08
 -2.42063064E-10
  9.02357655E-09
 -7.26658200E-08
  7.04828835E-08
  9.14590927E-08
  1.67412168E-07
  6.89138560E-08
  5.02579205E-08
  1.02705037E-07
  1.81535142E-07
  1.37909296E-07
  2.50305646E-07
  1.68571930E-07
  1.99319786E-07
  1.17243900E-07
  5.97375305E-08
  2.97911189E-08
  1.98607410E-07
  8.02343649E-08
  1.37463402E-07
  2.04584381E-07
  1.61919374E-07
  1.88302877E-07
  1.55957750E-07
  1.37593815E-07
  2.17477833E-07
  1.57232037E-07
  1.56608380E-07
  2.35140917E-07
  1.30853408E-07
  2.65803152E-07
  2.50159047E-07
  2.18720018E-07
  9.20020895E-08
 -2.03493915E-08
 -4.15024903E-09
  3.68468491E-08
 -3.58016088E-08
  2.24330261E-08
 -5.93006781E-08
 -9.30653243E-08
 -3.20259062E-07
 -3.86465985E-07
 -3.07705591E-07
 -3.49760342E-07
 -3.23885189E-07
 -2.66648271E-07
 -2.55639122E-07
 -1.70329372E-07
 -1.85675617E-07
 -2.73312509E-07
 -2.81771388E-08
  6.71239988E-08
  1.68358525E-07
  1.96821048E-07
  2.18893675E-07
  2.66716626E-07
  2.75219463E-07
  1.42585861E-07
  1.05804027E-07
  5.55941462E-08
  2.01368096E-07
  1.38510909E-08
 -6.14433233E-08
  4.56629685E-08
  2.55399016E-07
  1.26141131E-07
  9.02187836E-08
  2.51005389E-07
  3.44333472E-07
  1.67804956E-07
  7.63100374E-08
  3.30297695E-07
  1.17677061E-07
  9.96330201E-08
  9.27551937E-08
  2.40216984E-08
 -8.20611135E-08
 -1.19373425E-07
 -2.49478489E-07
 -3.08803209E-07
 -2.19377910E-07
 -3.81574125E-07
 -3.43542496E-07
 -2.88401480E-07
 -1.18622381E-07
 -2.42558031E-07
 -1.86787872E-07
 -6.06901693E-08
  1.16559900E-08
 -5.52812658E-08
  7.22436440E-08
  1.04631734E-08
  1.60165513E-07
  1.01645327E-07
  1.10382608E-07
  2.77390939E-07
  2.73732212E-07
  2.49480166E-07
  2.29299133E-07
  3.41095159E-07
  2.82322816E-07
  2.76891029E-07
  3.00748752E-07
  2.33648478E-07
  3.15198037E-07
  4.65086430E-07
  3.43016609E-07
  2.75773260E-07
  4.25402305E-07
  2.73048215E-07
  3.16843000E-07
  3.12415750E-07
  2.10791839E-07
  2.73841266E-07
  2.44663738E-07
  1.49378067E-07
  1.46008190E-07
 -2.04433466E-08
 -5.69234304E-09
 -1.50454895E-07
 -6.87806150E-08
 -2.22845316E-07
 -3.31573062E-07
 -4.21315121E-07
 -5.18508557E-07
 -5.57417025E-07
 -6.44067825E-07
 -9.66595735E-07
 -7.29058627E-07
 -6.09936535E-07
 -1.00827026E-06
 -5.53875850E-07
 -2.91809329E-07
 -3.72290323E-08
 -1.00659754E-07
 -2.18996519E-08
  1.90166602E-07
  2.77891843E-07
  3.74390936E-07
  5.32532908E-07
  5.22923415E-07
  6.37378150E-07
  4.78003756E-07
  2.17468724E-07
  6.44056115E-08
  2.47635317E-08
 -2.52961485E-07
 -2.22809348E-07
 -4.85746909E-07
 -3.96660482E-07
 -5.33864863E-07
 -4.00526005E-07
 -4.87926286E-07
 -4.69107675E-07
 -4.91248727E-07
 -3.15703318E-07
 -3.33697045E-07
 -1.33969323E-07
 -1.84198598E-07
  2.60374350E-07
  1.80101793E-07
  2.54077662E-07
  6.08669950E-07
  4.48024366E-07
  4.12961583E-07
  1.92387134E-07
  4.10612245E-07
  2.77042290E-07
  4.20190133E-07
  2.56782783E-07
  2.76025105E-07
 -1.65315850E-08
 -1.22381763E-07
 -5.27677742E-08
 -1.52983134E-07
 -1.06778089E-07
 -7.78919045E-08
 -1.36052435E-07
  7.58963665E-08
  3.04622532E-08
  4.99222441E-09
  2.33664792E-07
  1.61696320E-07
  1.69282913E-07
  2.56484924E-07
  3.27764411E-07
  6.28482383E-07
  3.39578321E-07
  4.23126465E-07
  2.56976250E-07
  4.44492542E-07
  1.82652258E-07
  3.74262697E-07
 -3.38528963E-07
 -6.19468722E-07
 -6.03612989E-07
 -2.69429222E-07
 -4.43371817E-07
 -8.25003269E-07
 -3.08809120E-07
 -7.31851117E-07
 -6.15721603E-07
 -4.80586266E-07
 -4.66555178E-07
 -1.66785526E-07
 -7.16444237E-09
  2.01970380E-07
  1.75842558E-07
  1.86410830E-07
  1.58613105E-07
 -1.42252958E-07
 -2.98236841E-07
 -2.51507544E-07
 -5.47324589E-07
 -5.80251822E-07
 -8.13646921E-07
 -8.92224080E-07
 -1.08321501E-06
 -1.14693171E-06
 -1.13724320E-06
 -7.45678790E-07
 -5.15200668E-07
 -2.15776623E-07
 -2.73976664E-08
  3.46171198E-08
  2.86137208E-07
  5.19186528E-07
  7.74962928E-07
  8.52330459E-07
  8.69876317E-07
  8.46064552E-07
  7.14379325E-07
  7.67953225E-07
  4.45204932E-07
  6.81255983E-07
  6.27799977E-07
  3.11542067E-07
  5.47224658E-07
  2.89042532E-07
  2.01412078E-07
 -6.67567619E-08
 -2.32867272E-08
 -4.46048531E-08
  9.30363342E-09
 -1.12991721E-07
 -6.99759823E-08
  6.32361008E-08
  1.72428443E-07
  2.99635616E-07
  2.82710175E-07
  2.84486674E-07
  4.85254134E-07
  2.21272643E-07
  1.68987313E-07
  3.54648591E-07
  9.17037895E-08
 -2.73516520E-07
 -1.44823844E-07
 -3.85957492E-07
 -4.89930187E-07
 -5.32790466E-07
 -7.27940403E-07
 -9.21957906E-07
 -9.60735633E-07
 -9.91041816E-07
 -9.77026730E-07
 -1.11059012E-06
 -8.73854049E-07
 -6.84358668E-07
 -3.97468909E-07
 -5.03350748E-08
  3.30172156E-07
  4.66582520E-07
  7.01057900E-07
  8.17452133E-07
  1.13457747E-06
  1.09980363E-06
  1.45499712E-06
  1.50673770E-06
  1.49304901E-06
  1.13938006E-06
  8.84985411E-07
  5.05924675E-07
  2.40363789E-07
 -2.53316301E-07
  2.53299000E-08
 -2.66337196E-07
 -5.82955465E-07
 -1.08963093E-06
 -1.05897846E-06
 -8.49250682E-07
 -1.00262207E-06
 -6.95160054E-07
 -5.43753288E-07
 -5.24716654E-07
 -5.01445527E-07
 -5.22626124E-07
 -2.29951453E-07
 -4.17732394E-07
 -7.82976088E-07
 -5.06322294E-07
 -6.96625989E-07
 -5.11361407E-07
 -2.81439895E-07
 -1.56261439E-08
  1.87010627E-07
  1.38010122E-07
 -5.73962353E-08
  4.49827184E-07
  2.11648924E-07
  3.27773449E-07
  1.41089060E-07
  2.62478210E-07
  3.79942861E-07
  1.82121099E-07
 -6.09960523E-07
 -1.48095154E-07
 -1.06171217E-06
 -6.34813489E-07
 -1.23738960E-06
 -1.35919720E-06
 -6.23940366E-07
 -4.24735788E-07
 -1.01452224E-06
 -1.09322309E-06
 -1.07318192E-06
 -1.16859223E-06
 -7.52917003E-07
 -6.62913237E-07
 -7.84606243E-07
 -6.81273093E-07
 -6.06631488E-07
 -6.83474127E-07
 -5.53211919E-07
 -2.49793885E-07
 -3.87085976E-07
  1.37397933E-07
  1.24427956E-07
  3.34386840E-07
  4.54765200E-07
  5.64825086E-07
  8.30010322E-07
  1.01021351E-06
  7.75452975E-07
  7.62924230E-07
  7.03514729E-07
  6.70069483E-07
  7.19243246E-07
  6.59208183E-07
  3.46229484E-07
  1.22004678E-07
 -6.90503033E-09
 -1.22431857E-07
  8.32011153E-08
 -2.62448509E-07
 -5.04483125E-07
 -4.74021334E-07
 -8.24219981E-08
 -3.89136261E-08
  3.60851722E-08
  8.60945022E-07
  9.28053680E-07
  1.42061936E-06
  1.36280164E-06
  1.36420715E-06
  1.20953439E-06
  9.11534130E-07
  4.49188860E-07
 -2.22465403E-07
 -5.95066922E-07
 -1.12323892E-06
 -1.47425510E-06
 -1.43536010E-06
 -1.13968485E-06
 -7.74037289E-07
 -7.02851253E-07
 -8.43372675E-07
 -2.37191017E-07
 -6.10338091E-08
 -1.23081108E-07
 -9.67489910E-08
  3.23162482E-07
  2.09240810E-07
  3.55790206E-08
 -3.78850757E-07
 -5.27370389E-07
 -1.22663300E-06
 -1.94830909E-06
 -1.25937913E-06
 -1.60209981E-06
 -1.44632702E-06
 -1.59473507E-06
 -1.46807758E-06
 -1.07837968E-06
 -8.42074542E-07
 -2.45671487E-07
 -3.73836741E-07
 -7.95464850E-09
  1.88585901E-07
 -4.34019150E-08
  3.28199377E-07
  2.03049012E-07
  3.19266832E-07
  2.76420053E-07
  1.65610302E-07
