   0.00000000    
   2.65970011E-04
   5.72668156E-04
   9.24932538E-04
   1.32792373E-03
   1.78709440E-03
   2.30817427E-03
   2.89710960E-03
   3.56002734E-03
   4.30314429E-03
   5.13271615E-03
   6.05493691E-03
   7.07583409E-03
   8.20115674E-03
   9.43626091E-03
   1.07859606E-02
   1.22544179E-02
   1.38449538E-02
   1.55599490E-02
   1.74006671E-02
   1.93671286E-02
   2.14579515E-02
   2.36702505E-02
   2.59995405E-02
   2.84396093E-02
   3.09824534E-02
   3.36182714E-02
   3.63354422E-02
   3.91205177E-02
   4.19582985E-02
   4.48319279E-02
   4.77230176E-02
   5.06118089E-02
   5.34773543E-02
   5.62977865E-02
   5.90505674E-02
   6.17127568E-02
   6.42613247E-02
   6.66735247E-02
   6.89271539E-02
   7.10009709E-02
   7.28749260E-02
   7.45306090E-02
   7.59514198E-02
   7.71229565E-02
   7.80331939E-02
   7.86726847E-02
   7.90347755E-02
   7.91156664E-02
   7.89145082E-02
   7.84334242E-02
   7.76774213E-02
   7.66543970E-02
   7.53748789E-02
   7.38519505E-02
   7.21009895E-02
   7.01394081E-02
   6.79863319E-02
   6.56623766E-02
   6.31892383E-02
   6.05893806E-02
   5.78857213E-02
   5.51012792E-02
   5.22588715E-02
   4.93807793E-02
   4.64885235E-02
   4.36025374E-02
   4.07420397E-02
   3.79247777E-02
   3.51669192E-02
   3.24829221E-02
   2.98854560E-02
   2.73853727E-02
   2.49917042E-02
   2.27116775E-02
   2.05507539E-02
   1.85127296E-02
   1.65998396E-02
   1.48128439E-02
   1.31511781E-02
   1.16130775E-02
   1.01957526E-02
   8.89550056E-03
   7.70786777E-03
   6.62778132E-03
   5.64971101E-03
   4.76777367E-03
   3.97585426E-03
   3.26771871E-03
   2.63712998E-03
   2.07788870E-03
   1.58394082E-03
   1.14942598E-03
   7.68730184E-04
   4.36522998E-04
   1.47772953E-04
  -1.02208229E-04
  -3.17774597E-04
  -5.02934330E-04
  -6.61357481E-04
  -7.96384120E-04
  -9.11016832E-04
  -1.00796274E-03
  -1.08963659E-03
  -1.15818693E-03
  -1.21548981E-03
  -1.26321532E-03
  -1.30281318E-03
  -1.33554637E-03
  -1.36249710E-03
  -1.38460239E-03
  -1.40267273E-03
  -1.41738565E-03
  -1.42931589E-03
  -1.43895799E-03
  -1.44672114E-03
  -1.45294960E-03
  -1.45792507E-03
  -1.46188785E-03
  -1.46502967E-03
  -1.46751630E-03
  -1.46947126E-03
  -1.47100468E-03
  -1.47220225E-03
  -1.47313613E-03
  -1.47386221E-03
  -1.47441938E-03
  -1.47485291E-03
  -1.47518562E-03
  -1.47543801E-03
  -1.47563091E-03
  -1.47577433E-03
  -1.47588737E-03
  -1.47597014E-03
  -1.47603289E-03
  -1.47607853E-03
  -1.47611555E-03
  -1.47614151E-03
  -1.47616025E-03
  -1.47617294E-03
  -1.47618551E-03
  -1.47619215E-03
  -1.47619552E-03
  -1.47620041E-03
  -1.47620414E-03
  -1.47620623E-03
  -1.47620705E-03
  -1.47620775E-03
  -1.47620938E-03
  -1.47620891E-03
  -1.47621019E-03
  -1.47620984E-03
  -1.47621264E-03
  -1.47621229E-03
  -1.47621380E-03
  -1.47621206E-03
  -1.47621345E-03
  -1.47621275E-03
  -1.47621054E-03
  -1.47621054E-03
  -1.47621240E-03
  -1.47621275E-03
  -1.47621147E-03
  -1.47620868E-03
  -1.47620961E-03
  -1.47620996E-03
  -1.47621194E-03
  -1.47620868E-03
  -1.47621077E-03
  -1.47620938E-03
  -1.47620973E-03
  -1.47621101E-03
  -1.47621287E-03
  -1.47621182E-03
  -1.47621124E-03
  -1.47621124E-03
  -1.47621171E-03
  -1.47620717E-03
  -1.47621299E-03
  -1.47621206E-03
  -1.47620984E-03
  -1.47621217E-03
  -1.47621334E-03
  -1.47620915E-03
  -1.47621555E-03
  -1.47621159E-03
  -1.47621171E-03
  -1.47621299E-03
  -1.47621415E-03
  -1.47621240E-03
  -1.47621473E-03
  -1.47621089E-03
  -1.47621392E-03
  -1.47621462E-03
  -1.47621019E-03
  -1.47621136E-03
  -1.47621217E-03
  -1.47621264E-03
  -1.47621136E-03
  -1.47621206E-03
  -1.47621392E-03
  -1.47621206E-03
  -1.47621299E-03
  -1.47621613E-03
  -1.47621555E-03
  -1.47621299E-03
  -1.47621380E-03
  -1.47621275E-03
  -1.47621578E-03
  -1.47621322E-03
  -1.47621217E-03
  -1.47621334E-03
  -1.47621264E-03
  -1.47621019E-03
  -1.47621345E-03
  -1.47621077E-03
  -1.47621648E-03
  -1.47621345E-03
  -1.47621217E-03
  -1.47621322E-03
  -1.47621403E-03
  -1.47621147E-03
  -1.47621194E-03
  -1.47621147E-03
  -1.47621206E-03
  -1.47621043E-03
  -1.47621008E-03
  -1.47621369E-03
  -1.47620891E-03
  -1.47620926E-03
  -1.47620891E-03
  -1.47621043E-03
  -1.47620984E-03
  -1.47620810E-03
  -1.47620915E-03
  -1.47621054E-03
  -1.47620996E-03
  -1.47621077E-03
  -1.47621264E-03
  -1.47621089E-03
  -1.47621136E-03
  -1.47620845E-03
  -1.47621194E-03
  -1.47621054E-03
  -1.47621194E-03
  -1.47620996E-03
  -1.47620926E-03
  -1.47621159E-03
  -1.47621182E-03
  -1.47621112E-03
  -1.47621182E-03
  -1.47620973E-03
  -1.47621229E-03
  -1.47621101E-03
  -1.47621066E-03
  -1.47621240E-03
  -1.47621206E-03
  -1.47621066E-03
  -1.47621171E-03
  -1.47621252E-03
  -1.47621229E-03
  -1.47621182E-03
  -1.47621415E-03
  -1.47621217E-03
  -1.47621054E-03
  -1.47621124E-03
  -1.47621206E-03
  -1.47620949E-03
  -1.47621136E-03
  -1.47621124E-03
  -1.47621147E-03
  -1.47620938E-03
  -1.47621019E-03
  -1.47621054E-03
  -1.47620833E-03
  -1.47620786E-03
  -1.47620961E-03
  -1.47620880E-03
  -1.47620728E-03
  -1.47620833E-03
  -1.47620670E-03
  -1.47620752E-03
  -1.47620530E-03
  -1.47620577E-03
  -1.47620554E-03
  -1.47620600E-03
  -1.47620670E-03
  -1.47620204E-03
  -1.47620728E-03
  -1.47620169E-03
  -1.47620286E-03
  -1.47620507E-03
  -1.47620565E-03
  -1.47620053E-03
  -1.47620565E-03
  -1.47620507E-03
  -1.47620845E-03
  -1.47620391E-03
  -1.47620740E-03
  -1.47620158E-03
  -1.47620507E-03
  -1.47620868E-03
  -1.47621462E-03
  -1.47619890E-03
  -1.47620158E-03
  -1.47621229E-03
  -1.47620379E-03
  -1.47619669E-03
  -1.47620414E-03
  -1.47620263E-03
  -1.47620658E-03
  -1.47620926E-03
  -1.47620612E-03
  -1.47620053E-03
  -1.47620856E-03
  -1.47620821E-03
  -1.47620961E-03
  -1.47621054E-03
  -1.47621485E-03
  -1.47620856E-03
  -1.47621497E-03
  -1.47621764E-03
  -1.47621462E-03
  -1.47620891E-03
  -1.47621438E-03
  -1.47621159E-03
  -1.47621648E-03
  -1.47621648E-03
  -1.47621462E-03
  -1.47621706E-03
  -1.47621334E-03
  -1.47621252E-03
  -1.47621613E-03
  -1.47621694E-03
  -1.47621671E-03
  -1.47621275E-03
  -1.47621450E-03
  -1.47621578E-03
  -1.47621322E-03
  -1.47621299E-03
  -1.47621264E-03
  -1.47621508E-03
  -1.47621089E-03
  -1.47621310E-03
  -1.47621299E-03
  -1.47621206E-03
  -1.47621240E-03
  -1.47621089E-03
  -1.47621322E-03
  -1.47621275E-03
  -1.47621264E-03
  -1.47621217E-03
  -1.47621112E-03
  -1.47621380E-03
  -1.47621089E-03
  -1.47621077E-03
  -1.47621043E-03
  -1.47621264E-03
  -1.47621043E-03
  -1.47620821E-03
  -1.47621136E-03
  -1.47621019E-03
  -1.47621147E-03
  -1.47621310E-03
  -1.47620705E-03
  -1.47621334E-03
  -1.47621101E-03
  -1.47620833E-03
  -1.47620973E-03
  -1.47620658E-03
  -1.47621240E-03
  -1.47621392E-03
  -1.47621369E-03
  -1.47620949E-03
  -1.47620752E-03
  -1.47620554E-03
  -1.47620973E-03
  -1.47621182E-03
  -1.47621322E-03
  -1.47621206E-03
  -1.47621019E-03
  -1.47620798E-03
  -1.47621252E-03
  -1.47620984E-03
  -1.47621194E-03
  -1.47620833E-03
  -1.47621206E-03
  -1.47621299E-03
  -1.47621264E-03
  -1.47621171E-03
  -1.47621147E-03
  -1.47621077E-03
  -1.47621264E-03
  -1.47621380E-03
  -1.47621403E-03
  -1.47621497E-03
  -1.47621299E-03
  -1.47621438E-03
  -1.47621613E-03
  -1.47621240E-03
  -1.47621369E-03
  -1.47621008E-03
  -1.47621240E-03
  -1.47621450E-03
  -1.47621415E-03
  -1.47621101E-03
  -1.47621380E-03
  -1.47621497E-03
  -1.47621299E-03
  -1.47621392E-03
  -1.47621322E-03
  -1.47621147E-03
  -1.47621660E-03
  -1.47621043E-03
  -1.47621403E-03
  -1.47621043E-03
  -1.47620949E-03
  -1.47620949E-03
  -1.47621043E-03
  -1.47621147E-03
  -1.47621077E-03
  -1.47621403E-03
  -1.47621625E-03
  -1.47621019E-03
  -1.47620344E-03
  -1.47621450E-03
  -1.47620554E-03
  -1.47620169E-03
  -1.47620856E-03
  -1.47620298E-03
  -1.47620658E-03
  -1.47621555E-03
  -1.47620589E-03
  -1.47620717E-03
  -1.47621101E-03
  -1.47620612E-03
  -1.47620286E-03
  -1.47620530E-03
  -1.47620577E-03
  -1.47621357E-03
  -1.47621124E-03
  -1.47620845E-03
  -1.47621101E-03
  -1.47620949E-03
  -1.47621345E-03
  -1.47620973E-03
  -1.47621194E-03
  -1.47621299E-03
  -1.47621706E-03
  -1.47621764E-03
  -1.47621613E-03
  -1.47621438E-03
  -1.47621543E-03
  -1.47621846E-03
  -1.47621741E-03
  -1.47621974E-03
  -1.47621962E-03
  -1.47621578E-03
  -1.47621741E-03
  -1.47621555E-03
  -1.47621648E-03
  -1.47621613E-03
  -1.47621415E-03
  -1.47622416E-03
  -1.47621764E-03
  -1.47622451E-03
  -1.47622009E-03
  -1.47621741E-03
  -1.47621694E-03
  -1.47621520E-03
  -1.47621497E-03
  -1.47621881E-03
  -1.47621532E-03
  -1.47621823E-03
  -1.47621473E-03
  -1.47621636E-03
  -1.47621788E-03
  -1.47621788E-03
  -1.47621566E-03
  -1.47621590E-03
  -1.47621159E-03
  -1.47621357E-03
  -1.47621019E-03
  -1.47620973E-03
  -1.47620623E-03
  -1.47620938E-03
  -1.47620600E-03
  -1.47620845E-03
  -1.47620670E-03
  -1.47620763E-03
  -1.47620810E-03
  -1.47620728E-03
  -1.47620426E-03
  -1.47621054E-03
  -1.47620298E-03
  -1.47620915E-03
  -1.47620903E-03
  -1.47620577E-03
  -1.47621077E-03
  -1.47620181E-03
  -1.47620786E-03
  -1.47620833E-03
  -1.47620717E-03
  -1.47620845E-03
  -1.47621008E-03
  -1.47621008E-03
  -1.47621054E-03
  -1.47620880E-03
  -1.47620740E-03
  -1.47620903E-03
  -1.47621031E-03
  -1.47620554E-03
  -1.47620752E-03
  -1.47620810E-03
  -1.47620856E-03
  -1.47621310E-03
  -1.47621031E-03
  -1.47620798E-03
  -1.47620740E-03
  -1.47621077E-03
  -1.47620961E-03
  -1.47620845E-03
  -1.47620728E-03
  -1.47620961E-03
  -1.47620845E-03
  -1.47620612E-03
  -1.47621077E-03
  -1.47620612E-03
  -1.47621077E-03
  -1.47620833E-03
  -1.47619890E-03
  -1.47620356E-03
  -1.47620833E-03
  -1.47620833E-03
  -1.47619867E-03
  -1.47619867E-03
  -1.47620833E-03
  -1.47620821E-03
  -1.47620344E-03
  -1.47619366E-03
  -1.47621310E-03
  -1.47621310E-03
  -1.47621310E-03
  -1.47620321E-03
  -1.47620321E-03
  -1.47621310E-03
  -1.47619320E-03
  -1.47620309E-03
  -1.47618307E-03
  -1.47620309E-03
  -1.47618295E-03
  -1.47618284E-03
  -1.47621310E-03
  -1.47621310E-03
  -1.47619273E-03
  -1.47619261E-03
  -1.47619261E-03
  -1.47621310E-03
  -1.47619250E-03
  -1.47621310E-03
  -1.47617154E-03
  -1.47615059E-03
  -1.47619226E-03
  -1.47619215E-03
  -1.47621310E-03
  -1.47621310E-03
  -1.47623429E-03
  -1.47622370E-03
  -1.47621310E-03
  -1.47622381E-03
  -1.47621310E-03
  -1.47621310E-03
  -1.47622393E-03
  -1.47622393E-03
  -1.47621310E-03
  -1.47621310E-03
  -1.47620216E-03
  -1.47622405E-03
  -1.47623499E-03
  -1.47622416E-03
  -1.47622416E-03
  -1.47621310E-03
  -1.47621310E-03
  -1.47621310E-03
  -1.47621869E-03
  -1.47621869E-03
  -1.47621869E-03
  -1.47622440E-03
  -1.47622440E-03
  -1.47623010E-03
  -1.47622451E-03
  -1.47621881E-03
  -1.47622742E-03
  -1.47621601E-03
  -1.47622172E-03
  -1.47621310E-03
  -1.47622032E-03
  -1.47621450E-03
  -1.47621601E-03
  -1.47621462E-03
  -1.47621892E-03
  -1.47622265E-03
  -1.47621601E-03
  -1.47621753E-03
  -1.47622498E-03
  -1.47622277E-03
  -1.47621869E-03
  -1.47621648E-03
  -1.47621427E-03
  -1.47621683E-03
  -1.47621427E-03
  -1.47621799E-03
  -1.47621136E-03
  -1.47621788E-03
  -1.47621089E-03
  -1.47621380E-03
  -1.47621846E-03
  -1.47621392E-03
  -1.47621369E-03
  -1.47621636E-03
  -1.47621671E-03
  -1.47621892E-03
  -1.47621077E-03
  -1.47621566E-03
  -1.47622137E-03
  -1.47621322E-03
  -1.47622381E-03
  -1.47621881E-03
  -1.47622277E-03
  -1.47622300E-03
  -1.47621916E-03
  -1.47621601E-03
  -1.47621834E-03
  -1.47622440E-03
  -1.47621904E-03
  -1.47621986E-03
  -1.47622870E-03
  -1.47621997E-03
  -1.47621892E-03
  -1.47621997E-03
  -1.47621287E-03
  -1.47621438E-03
  -1.47621532E-03
  -1.47621741E-03
  -1.47621671E-03
  -1.47620856E-03
  -1.47621415E-03
  -1.47621334E-03
  -1.47621497E-03
  -1.47620426E-03
  -1.47621508E-03
  -1.47620519E-03
  -1.47621089E-03
  -1.47619785E-03
  -1.47620495E-03
  -1.47620321E-03
  -1.47620775E-03
  -1.47621101E-03
  -1.47620984E-03
  -1.47620006E-03
  -1.47620495E-03
  -1.47619925E-03
  -1.47620169E-03
  -1.47619541E-03
  -1.47619948E-03
  -1.47620740E-03
  -1.47620414E-03
  -1.47619506E-03
  -1.47621566E-03
  -1.47619925E-03
  -1.47619739E-03
  -1.47619692E-03
  -1.47620216E-03
  -1.47620344E-03
  -1.47620926E-03
  -1.47620274E-03
  -1.47621147E-03
  -1.47620321E-03
  -1.47622230E-03
  -1.47620612E-03
  -1.47620495E-03
  -1.47621683E-03
  -1.47622835E-03
  -1.47619413E-03
  -1.47623243E-03
  -1.47620298E-03
  -1.47621310E-03
  -1.47622405E-03
  -1.47623022E-03
  -1.47621077E-03
  -1.47622905E-03
  -1.47621147E-03
  -1.47622544E-03
  -1.47621124E-03
  -1.47621206E-03
  -1.47620938E-03
  -1.47622509E-03
  -1.47621450E-03
  -1.47621694E-03
  -1.47621869E-03
  -1.47622090E-03
  -1.47621369E-03
  -1.47622486E-03
  -1.47621287E-03
  -1.47622311E-03
  -1.47622498E-03
  -1.47621077E-03
  -1.47621881E-03
  -1.47622568E-03
  -1.47621485E-03
  -1.47621823E-03
  -1.47620693E-03
  -1.47621369E-03
  -1.47622451E-03
  -1.47622032E-03
  -1.47621380E-03
  -1.47621124E-03
  -1.47621660E-03
  -1.47621555E-03
  -1.47621741E-03
  -1.47621660E-03
  -1.47622055E-03
  -1.47620775E-03
  -1.47622277E-03
  -1.47621485E-03
  -1.47621904E-03
  -1.47620379E-03
  -1.47621031E-03
  -1.47621322E-03
  -1.47621694E-03
  -1.47621194E-03
  -1.47621031E-03
  -1.47620845E-03
  -1.47621648E-03
  -1.47621438E-03
  -1.47621951E-03
  -1.47621962E-03
  -1.47622020E-03
  -1.47621101E-03
  -1.47622742E-03
  -1.47621415E-03
  -1.47622812E-03
  -1.47622218E-03
  -1.47621240E-03
  -1.47621485E-03
  -1.47621974E-03
  -1.47620810E-03
  -1.47622346E-03
  -1.47621008E-03
  -1.47623173E-03
  -1.47622393E-03
  -1.47621136E-03
  -1.47622463E-03
  -1.47622020E-03
  -1.47621986E-03
  -1.47621089E-03
  -1.47621811E-03
  -1.47622789E-03
  -1.47620577E-03
  -1.47621636E-03
  -1.47621066E-03
  -1.47622335E-03
  -1.47621485E-03
  -1.47621357E-03
  -1.47621392E-03
  -1.47622509E-03
  -1.47622230E-03
  -1.47622311E-03
  -1.47622789E-03
  -1.47621497E-03
  -1.47621986E-03
  -1.47620379E-03
  -1.47621718E-03
  -1.47622323E-03
  -1.47622928E-03
  -1.47621997E-03
  -1.47622055E-03
  -1.47621450E-03
  -1.47622311E-03
  -1.47620239E-03
  -1.47621147E-03
  -1.47621671E-03
  -1.47622090E-03
  -1.47621066E-03
  -1.47620123E-03
  -1.47620996E-03
  -1.47621508E-03
  -1.47619692E-03
  -1.47619878E-03
  -1.47619215E-03
  -1.47620949E-03
  -1.47619389E-03
  -1.47619087E-03
  -1.47618679E-03
  -1.47618703E-03
  -1.47618458E-03
  -1.47616398E-03
  -1.47618295E-03
  -1.47620088E-03
  -1.47617969E-03
  -1.47619785E-03
  -1.47618121E-03
  -1.47619715E-03
  -1.47618633E-03
  -1.47618318E-03
  -1.47618551E-03
  -1.47620472E-03
  -1.47618551E-03
  -1.47619087E-03
  -1.47616840E-03
  -1.47619587E-03
  -1.47613417E-03
  -1.47616153E-03
  -1.47618912E-03
  -1.47620589E-03
  -1.47619052E-03
  -1.47617725E-03
  -1.47621729E-03
  -1.47621206E-03
  -1.47619995E-03
  -1.47621019E-03
  -1.47621741E-03
  -1.47624430E-03
  -1.47620856E-03
  -1.47622346E-03
  -1.47622672E-03
  -1.47623511E-03
  -1.47623650E-03
  -1.47622963E-03
  -1.47622533E-03
  -1.47625234E-03
  -1.47623522E-03
  -1.47625164E-03
  -1.47623895E-03
  -1.47622987E-03
  -1.47623313E-03
  -1.47623103E-03
  -1.47623278E-03
  -1.47624558E-03
  -1.47624570E-03
  -1.47623057E-03
  -1.47624325E-03
  -1.47623650E-03
  -1.47621590E-03
  -1.47623580E-03
  -1.47622591E-03
  -1.47623324E-03
  -1.47623359E-03
  -1.47622521E-03
  -1.47623150E-03
  -1.47623790E-03
  -1.47625199E-03
  -1.47625036E-03
  -1.47623860E-03
  -1.47624279E-03
  -1.47623534E-03
  -1.47623138E-03
  -1.47624093E-03
  -1.47621811E-03
  -1.47622684E-03
  -1.47623045E-03
  -1.47621706E-03
  -1.47623511E-03
  -1.47623802E-03
  -1.47623476E-03
  -1.47623033E-03
  -1.47621939E-03
  -1.47624430E-03
  -1.47623778E-03
  -1.47623138E-03
  -1.47623161E-03
  -1.47624768E-03
  -1.47622288E-03
  -1.47621939E-03
  -1.47623406E-03
  -1.47623010E-03
  -1.47623115E-03
  -1.47622253E-03
  -1.47624046E-03
  -1.47623254E-03
  -1.47623534E-03
  -1.47623091E-03
  -1.47623522E-03
  -1.47624349E-03
  -1.47625548E-03
  -1.47623150E-03
  -1.47623278E-03
  -1.47623103E-03
  -1.47623534E-03
  -1.47622789E-03
  -1.47623976E-03
  -1.47624942E-03
  -1.47623767E-03
  -1.47622894E-03
  -1.47624197E-03
  -1.47624500E-03
  -1.47623324E-03
  -1.47621788E-03
  -1.47622428E-03
  -1.47624139E-03
  -1.47623592E-03
  -1.47622952E-03
  -1.47622463E-03
  -1.47623464E-03
  -1.47622288E-03
  -1.47621823E-03
  -1.47621764E-03
  -1.47622358E-03
  -1.47622300E-03
  -1.47621927E-03
  -1.47621939E-03
  -1.47620437E-03
  -1.47621671E-03
  -1.47620495E-03
  -1.47621112E-03
  -1.47621497E-03
  -1.47618819E-03
  -1.47620484E-03
  -1.47620298E-03
  -1.47618353E-03
  -1.47618609E-03
  -1.47618342E-03
  -1.47619320E-03
  -1.47620775E-03
  -1.47618738E-03
  -1.47619622E-03
  -1.47620658E-03
  -1.47619308E-03
  -1.47619692E-03
  -1.47622277E-03
  -1.47618691E-03
  -1.47619331E-03
  -1.47619937E-03
  -1.47619762E-03
  -1.47619075E-03
  -1.47622311E-03
  -1.47617096E-03
  -1.47617166E-03
  -1.47618551E-03
  -1.47619937E-03
  -1.47619518E-03
  -1.47616351E-03
  -1.47619681E-03
  -1.47619715E-03
  -1.47615804E-03
  -1.47617399E-03
  -1.47618994E-03
  -1.47619296E-03
  -1.47620158E-03
  -1.47619552E-03
  -1.47617934E-03
  -1.47619273E-03
  -1.47620414E-03
  -1.47617841E-03
  -1.47619448E-03
  -1.47621916E-03
  -1.47621846E-03
  -1.47620076E-03
  -1.47621136E-03
  -1.47620251E-03
  -1.47619937E-03
  -1.47622032E-03
  -1.47619890E-03
  -1.47621299E-03
  -1.47621986E-03
  -1.47622381E-03
  -1.47623592E-03
  -1.47624244E-03
  -1.47618959E-03
  -1.47620414E-03
  -1.47617806E-03
  -1.47618609E-03
  -1.47617492E-03
  -1.47612707E-03
  -1.47610228E-03
  -1.47608004E-03
  -1.47602579E-03
  -1.47594453E-03
  -1.47584616E-03
  -1.47572276E-03
  -1.47550809E-03
  -1.47522963E-03
  -1.47485244E-03
  -1.47436815E-03
  -1.47366023E-03
  -1.47276337E-03
  -1.47152902E-03
  -1.46990665E-03
  -1.46771478E-03
  -1.46483397E-03
  -1.46103441E-03
  -1.45602936E-03
  -1.44941942E-03
  -1.44089339E-03
  -1.42974756E-03
  -1.41527026E-03
  -1.39658817E-03
  -1.37256004E-03
  -1.34169764E-03
  -1.30232656E-03
  -1.25219475E-03
  -1.18863943E-03
  -1.10829493E-03
  -1.00724492E-03
  -8.80454492E-04
  -7.22097466E-04
  -5.24949050E-04
  -2.80481996E-04
   2.15907348E-05
   3.93377617E-04
   8.49281671E-04
   1.40618673E-03
   2.08407757E-03
   2.90595810E-03
   3.89868603E-03
   5.09321224E-03
   6.52526878E-03
   8.23526457E-03
   1.02695338E-02
   1.26802251E-02
   1.55260731E-02
   1.88725088E-02
   2.27924921E-02
   2.73663476E-02
