This is pdfTeX, Version 3.1415926-2.5-1.40.14 (TeX Live 2013/Debian) (format=latex 2018.10.15)  26 NOV 2019 00:17
entering extended mode
 restricted \write18 enabled.
 %&-line parsing enabled.
**beamerthememetro.ins

(/home/hugo/Public/page/hugosanrocks.github.com/tex_documents/beamer_style/sour
ce/beamerthememetro.ins
LaTeX2e <2011/06/27>
Babel <3.9h> and hyphenation patterns for 78 languages loaded.
(/usr/share/texlive/texmf-dist/tex/latex/base/docstrip.tex
\blockLevel=\count79
\emptyLines=\count80
\processedLines=\count81
\commentsRemoved=\count82
\commentsPassed=\count83
\codeLinesPassed=\count84
\TotalprocessedLines=\count85
\TotalcommentsRemoved=\count86
\TotalcommentsPassed=\count87
\TotalcodeLinesPassed=\count88
\NumberOfFiles=\count89
\inFile=\read1
\inputcheck=\read2
\off@0=\count90
\off@1=\count91
\off@2=\count92
\off@3=\count93
\off@4=\count94
\off@5=\count95
\off@6=\count96
\off@7=\count97
\off@8=\count98
\off@9=\count99
\off@10=\count100
\off@11=\count101
\off@12=\count102
\off@13=\count103
\off@14=\count104
\off@15=\count105
\@maxfiles=\count106
\@maxoutfiles=\count107

Utility: `docstrip' 2.5d <2005/07/29>
English documentation    <1999/03/31>

**********************************************************
* This program converts documented macro-files into fast *
* loadable files by stripping off (nearly) all comments! *
**********************************************************

********************************************************
* No Configuration file found, using default settings. *
********************************************************

)

Generating file(s) ./beamerthememetro.sty 
\openout0 = `./beamerthememetro.sty'.


Processing file beamerthememetro.dtx (package) -> beamerthememetro.sty
File beamerthememetro.dtx ended by \endinput.
Lines  processed: 204
Comments removed: 115
Comments  passed: 0
Codelines passed: 85


Generating file(s) ./beamerinnerthememetro.sty 
\openout0 = `./beamerinnerthememetro.sty'.


Processing file beamerinnerthememetro.dtx (package) -> beamerinnerthememetro.st
y
File beamerinnerthememetro.dtx ended by \endinput.
Lines  processed: 620
Comments removed: 319
Comments  passed: 0
Codelines passed: 297


Generating file(s) ./beamerouterthememetro.sty 
\openout0 = `./beamerouterthememetro.sty'.


Processing file beamerouterthememetro.dtx (package) -> beamerouterthememetro.st
y
File beamerouterthememetro.dtx ended by \endinput.
Lines  processed: 233
Comments removed: 117
Comments  passed: 0
Codelines passed: 112


Generating file(s) ./beamerfontthememetro.sty 
\openout0 = `./beamerfontthememetro.sty'.


Processing file beamerfontthememetro.dtx (package) -> beamerfontthememetro.sty
File beamerfontthememetro.dtx ended by \endinput.
Lines  processed: 413
Comments removed: 141
Comments  passed: 0
Codelines passed: 268


Generating file(s) ./beamercolorthememetro.sty 
\openout0 = `./beamercolorthememetro.sty'.


Processing file beamercolorthememetro.dtx (package) -> beamercolorthememetro.st
y
File beamercolorthememetro.dtx ended by \endinput.
Lines  processed: 241
Comments removed: 124
Comments  passed: 0
Codelines passed: 113


Generating file(s) ./pgfplotsthemetol.sty 
\openout0 = `./pgfplotsthemetol.sty'.


Processing file pgfplotsthemetol.dtx (package) -> pgfplotsthemetol.sty
File pgfplotsthemetol.dtx ended by \endinput.
Lines  processed: 189
Comments removed: 77
Comments  passed: 0
Codelines passed: 102

**************************************************************
*                                                            *
* To finish the installation you have to move the following  *
* files into a directory searched by TeX:                    *
*                                                            *
*     beamerthememetro.sty                              *
*     beamerinnerthememetro.sty                         *
*     beamerouterthememetro.sty                         *
*     beamerfontthememetro.sty                          *
*     beamercolorthememetro.sty                         *
*     pgfplotsthemetol.sty                                   *
*                                                            *
* To produce the documentation run the file mtheme.dtx       *
* through LaTeX.                                             *
*                                                            *
* Happy TeXing!                                              *
*                                                            *
**************************************************************
Overall statistics:
Files  processed: 6
Lines  processed: 1900
Comments removed: 893
Comments  passed: 0
Codelines passed: 977
 ) 
Here is how much of TeX's memory you used:
 363 strings out of 493305
 4977 string characters out of 6139896
 57184 words of memory out of 5000000
 3909 multiletter control sequences out of 15000+600000
 3640 words of font info for 14 fonts, out of 8000000 for 9000
 957 hyphenation exceptions out of 8191
 11i,0n,15p,141b,114s stack positions out of 5000i,500n,10000p,200000b,80000s

No pages of output.
