This is pdfTeX, Version 3.14159265-2.6-1.40.18 (TeX Live 2017/Debian) (preloaded format=pdflatex 2020.9.7)  22 OCT 2020 09:36
entering extended mode
 restricted \write18 enabled.
 %&-line parsing enabled.
**trackedchanges_2019_Balsorano.tex
(./trackedchanges_2019_Balsorano.tex
LaTeX2e <2017-04-15>
Babel <3.18> and hyphenation patterns for 84 language(s) loaded.
(/usr/share/texlive/texmf-dist/tex/latex/base/article.cls
Document Class: article 2014/09/29 v1.4h Standard LaTeX document class
(/usr/share/texlive/texmf-dist/tex/latex/base/size12.clo
File: size12.clo 2014/09/29 v1.4h Standard LaTeX file (size option)
)
\c@part=\count79
\c@section=\count80
\c@subsection=\count81
\c@subsubsection=\count82
\c@paragraph=\count83
\c@subparagraph=\count84
\c@figure=\count85
\c@table=\count86
\abovecaptionskip=\skip41
\belowcaptionskip=\skip42
\bibindent=\dimen102
)
(/usr/share/texlive/texmf-dist/tex/latex/geometry/geometry.sty
Package: geometry 2010/09/12 v5.6 Page Geometry

(/usr/share/texlive/texmf-dist/tex/latex/graphics/keyval.sty
Package: keyval 2014/10/28 v1.15 key=value parser (DPC)
\KV@toks@=\toks14
)
(/usr/share/texlive/texmf-dist/tex/generic/oberdiek/ifpdf.sty
Package: ifpdf 2017/03/15 v3.2 Provides the ifpdf switch
)
(/usr/share/texlive/texmf-dist/tex/generic/oberdiek/ifvtex.sty
Package: ifvtex 2016/05/16 v1.6 Detect VTeX and its facilities (HO)
Package ifvtex Info: VTeX not detected.
)
(/usr/share/texlive/texmf-dist/tex/generic/ifxetex/ifxetex.sty
Package: ifxetex 2010/09/12 v0.6 Provides ifxetex conditional
)
\Gm@cnth=\count87
\Gm@cntv=\count88
\c@Gm@tempcnt=\count89
\Gm@bindingoffset=\dimen103
\Gm@wd@mp=\dimen104
\Gm@odd@mp=\dimen105
\Gm@even@mp=\dimen106
\Gm@layoutwidth=\dimen107
\Gm@layoutheight=\dimen108
\Gm@layouthoffset=\dimen109
\Gm@layoutvoffset=\dimen110
\Gm@dimlist=\toks15
)
(/usr/share/texlive/texmf-dist/tex/latex/natbib/natbib.sty
Package: natbib 2010/09/13 8.31b (PWD, AO)
\bibhang=\skip43
\bibsep=\skip44
LaTeX Info: Redefining \cite on input line 694.
\c@NAT@ctr=\count90
)
(/usr/share/texlive/texmf-dist/tex/latex/lineno/lineno.sty
Package: lineno 2005/11/02 line numbers on paragraphs v4.41
\linenopenalty=\count91
\output=\toks16
\linenoprevgraf=\count92
\linenumbersep=\dimen111
\linenumberwidth=\dimen112
\c@linenumber=\count93
\c@pagewiselinenumber=\count94
\c@LN@truepage=\count95
\c@internallinenumber=\count96
\c@internallinenumbers=\count97
\quotelinenumbersep=\dimen113
\bframerule=\dimen114
\bframesep=\dimen115
\bframebox=\box26
LaTeX Info: Redefining \\ on input line 3056.
)
(/usr/share/texlive/texmf-dist/tex/latex/soul/soul.sty
Package: soul 2003/11/17 v2.4 letterspacing/underlining (mf)
\SOUL@word=\toks17
\SOUL@lasttoken=\toks18
\SOUL@cmds=\toks19
\SOUL@buffer=\toks20
\SOUL@token=\toks21
\SOUL@spaceskip=\skip45
\SOUL@ttwidth=\dimen116
\SOUL@uldp=\dimen117
\SOUL@ulht=\dimen118
)
(/usr/share/texlive/texmf-dist/tex/latex/url/url.sty
\Urlmuskip=\muskip10
Package: url 2013/09/16  ver 3.4  Verb mode for urls, etc.
)
(/usr/share/texlive/texmf-dist/tex/latex/hyperref/hyperref.sty
Package: hyperref 2018/02/06 v6.86b Hypertext links for LaTeX

(/usr/share/texlive/texmf-dist/tex/generic/oberdiek/hobsub-hyperref.sty
Package: hobsub-hyperref 2016/05/16 v1.14 Bundle oberdiek, subset hyperref (HO)


(/usr/share/texlive/texmf-dist/tex/generic/oberdiek/hobsub-generic.sty
Package: hobsub-generic 2016/05/16 v1.14 Bundle oberdiek, subset generic (HO)
Package: hobsub 2016/05/16 v1.14 Construct package bundles (HO)
Package: infwarerr 2016/05/16 v1.4 Providing info/warning/error messages (HO)
Package: ltxcmds 2016/05/16 v1.23 LaTeX kernel commands for general use (HO)
Package: ifluatex 2016/05/16 v1.4 Provides the ifluatex switch (HO)
Package ifluatex Info: LuaTeX not detected.
Package hobsub Info: Skipping package `ifvtex' (already loaded).
Package: intcalc 2016/05/16 v1.2 Expandable calculations with integers (HO)
Package hobsub Info: Skipping package `ifpdf' (already loaded).
Package: etexcmds 2016/05/16 v1.6 Avoid name clashes with e-TeX commands (HO)
Package etexcmds Info: Could not find \expanded.
(etexcmds)             That can mean that you are not using pdfTeX 1.50 or
(etexcmds)             that some package has redefined \expanded.
(etexcmds)             In the latter case, load this package earlier.
Package: kvsetkeys 2016/05/16 v1.17 Key value parser (HO)
Package: kvdefinekeys 2016/05/16 v1.4 Define keys (HO)
Package: pdftexcmds 2018/01/21 v0.26 Utility functions of pdfTeX for LuaTeX (HO
)
Package pdftexcmds Info: LuaTeX not detected.
Package pdftexcmds Info: \pdf@primitive is available.
Package pdftexcmds Info: \pdf@ifprimitive is available.
Package pdftexcmds Info: \pdfdraftmode found.
Package: pdfescape 2016/05/16 v1.14 Implements pdfTeX's escape features (HO)
Package: bigintcalc 2016/05/16 v1.4 Expandable calculations on big integers (HO
)
Package: bitset 2016/05/16 v1.2 Handle bit-vector datatype (HO)
Package: uniquecounter 2016/05/16 v1.3 Provide unlimited unique counter (HO)
)
Package hobsub Info: Skipping package `hobsub' (already loaded).
Package: letltxmacro 2016/05/16 v1.5 Let assignment for LaTeX macros (HO)
Package: hopatch 2016/05/16 v1.3 Wrapper for package hooks (HO)
Package: xcolor-patch 2016/05/16 xcolor patch
Package: atveryend 2016/05/16 v1.9 Hooks at the very end of document (HO)
Package atveryend Info: \enddocument detected (standard20110627).
Package: atbegshi 2016/06/09 v1.18 At begin shipout hook (HO)
Package: refcount 2016/05/16 v3.5 Data extraction from label references (HO)
Package: hycolor 2016/05/16 v1.8 Color options for hyperref/bookmark (HO)
)
(/usr/share/texlive/texmf-dist/tex/latex/oberdiek/auxhook.sty
Package: auxhook 2016/05/16 v1.4 Hooks for auxiliary files (HO)
)
(/usr/share/texlive/texmf-dist/tex/latex/oberdiek/kvoptions.sty
Package: kvoptions 2016/05/16 v3.12 Key value format for package options (HO)
)
\@linkdim=\dimen119
\Hy@linkcounter=\count98
\Hy@pagecounter=\count99

(/usr/share/texlive/texmf-dist/tex/latex/hyperref/pd1enc.def
File: pd1enc.def 2018/02/06 v6.86b Hyperref: PDFDocEncoding definition (HO)
)
\Hy@SavedSpaceFactor=\count100

(/usr/share/texlive/texmf-dist/tex/latex/latexconfig/hyperref.cfg
File: hyperref.cfg 2002/06/06 v1.2 hyperref configuration of TeXLive
)
Package hyperref Info: Option `colorlinks' set `true' on input line 4383.
Package hyperref Info: Hyper figures OFF on input line 4509.
Package hyperref Info: Link nesting OFF on input line 4514.
Package hyperref Info: Hyper index ON on input line 4517.
Package hyperref Info: Plain pages OFF on input line 4524.
Package hyperref Info: Backreferencing OFF on input line 4529.
Package hyperref Info: Implicit mode ON; LaTeX internals redefined.
Package hyperref Info: Bookmarks ON on input line 4762.
\c@Hy@tempcnt=\count101
LaTeX Info: Redefining \url on input line 5115.
\XeTeXLinkMargin=\dimen120
\Fld@menulength=\count102
\Field@Width=\dimen121
\Fld@charsize=\dimen122
Package hyperref Info: Hyper figures OFF on input line 6369.
Package hyperref Info: Link nesting OFF on input line 6374.
Package hyperref Info: Hyper index ON on input line 6377.
Package hyperref Info: backreferencing OFF on input line 6384.
Package hyperref Info: Link coloring ON on input line 6387.
Package hyperref Info: Link coloring with OCG OFF on input line 6394.
Package hyperref Info: PDF/A mode OFF on input line 6399.
LaTeX Info: Redefining \ref on input line 6439.
LaTeX Info: Redefining \pageref on input line 6443.
\Hy@abspage=\count103
\c@Item=\count104
\c@Hfootnote=\count105
)
Package hyperref Info: Driver (autodetected): hpdftex.

(/usr/share/texlive/texmf-dist/tex/latex/hyperref/hpdftex.def
File: hpdftex.def 2018/02/06 v6.86b Hyperref driver for pdfTeX
\Fld@listcount=\count106
\c@bookmark@seq@number=\count107

(/usr/share/texlive/texmf-dist/tex/latex/oberdiek/rerunfilecheck.sty
Package: rerunfilecheck 2016/05/16 v1.8 Rerun checks for auxiliary files (HO)
Package uniquecounter Info: New unique counter `rerunfilecheck' on input line 2
82.
)
\Hy@SectionHShift=\skip46
)
(/usr/share/texlive/texmf-dist/tex/latex/preprint/figcaps.sty
Package: figcaps 1999/02/23 4.7 (PWD)
)
(/usr/share/texlive/texmf-dist/tex/latex/todonotes/todonotes.sty
Package: todonotes 2015/07/09 .dtx Todonotes source and documentation.
Package: todonotes 2012/07/25

(/usr/share/texlive/texmf-dist/tex/latex/base/ifthen.sty
Package: ifthen 2014/09/29 v1.1c Standard LaTeX ifthen package (DPC)
)
(/usr/share/texlive/texmf-dist/tex/latex/xkeyval/xkeyval.sty
Package: xkeyval 2014/12/03 v2.7a package option processing (HA)

(/usr/share/texlive/texmf-dist/tex/generic/xkeyval/xkeyval.tex
(/usr/share/texlive/texmf-dist/tex/generic/xkeyval/xkvutils.tex
\XKV@toks=\toks22
\XKV@tempa@toks=\toks23
)
\XKV@depth=\count108
File: xkeyval.tex 2014/12/03 v2.7a key=value parser (HA)
))
(/usr/share/texlive/texmf-dist/tex/latex/xcolor/xcolor.sty
Package: xcolor 2016/05/11 v2.12 LaTeX color extensions (UK)

(/usr/share/texlive/texmf-dist/tex/latex/graphics-cfg/color.cfg
File: color.cfg 2016/01/02 v1.6 sample color configuration
)
Package xcolor Info: Driver file: pdftex.def on input line 225.

(/usr/share/texlive/texmf-dist/tex/latex/graphics-def/pdftex.def
File: pdftex.def 2018/01/08 v1.0l Graphics/color driver for pdftex
)
Package xcolor Info: Model `cmy' substituted by `cmy0' on input line 1348.
Package xcolor Info: Model `hsb' substituted by `rgb' on input line 1352.
Package xcolor Info: Model `RGB' extended on input line 1364.
Package xcolor Info: Model `HTML' substituted by `rgb' on input line 1366.
Package xcolor Info: Model `Hsb' substituted by `hsb' on input line 1367.
Package xcolor Info: Model `tHsb' substituted by `hsb' on input line 1368.
Package xcolor Info: Model `HSB' substituted by `hsb' on input line 1369.
Package xcolor Info: Model `Gray' substituted by `gray' on input line 1370.
Package xcolor Info: Model `wave' substituted by `hsb' on input line 1371.
)
(/usr/share/texlive/texmf-dist/tex/latex/pgf/frontendlayer/tikz.sty
(/usr/share/texlive/texmf-dist/tex/latex/pgf/basiclayer/pgf.sty
(/usr/share/texlive/texmf-dist/tex/latex/pgf/utilities/pgfrcs.sty
(/usr/share/texlive/texmf-dist/tex/generic/pgf/utilities/pgfutil-common.tex
\pgfutil@everybye=\toks24
\pgfutil@tempdima=\dimen123
\pgfutil@tempdimb=\dimen124

(/usr/share/texlive/texmf-dist/tex/generic/pgf/utilities/pgfutil-common-lists.t
ex)) (/usr/share/texlive/texmf-dist/tex/generic/pgf/utilities/pgfutil-latex.def
\pgfutil@abb=\box27
(/usr/share/texlive/texmf-dist/tex/latex/ms/everyshi.sty
Package: everyshi 2001/05/15 v3.00 EveryShipout Package (MS)
))
(/usr/share/texlive/texmf-dist/tex/generic/pgf/utilities/pgfrcs.code.tex
Package: pgfrcs 2015/08/07 v3.0.1a (rcs-revision 1.31)
))
Package: pgf 2015/08/07 v3.0.1a (rcs-revision 1.15)

(/usr/share/texlive/texmf-dist/tex/latex/pgf/basiclayer/pgfcore.sty
(/usr/share/texlive/texmf-dist/tex/latex/graphics/graphicx.sty
Package: graphicx 2017/06/01 v1.1a Enhanced LaTeX Graphics (DPC,SPQR)

(/usr/share/texlive/texmf-dist/tex/latex/graphics/graphics.sty
Package: graphics 2017/06/25 v1.2c Standard LaTeX Graphics (DPC,SPQR)

(/usr/share/texlive/texmf-dist/tex/latex/graphics/trig.sty
Package: trig 2016/01/03 v1.10 sin cos tan (DPC)
)
(/usr/share/texlive/texmf-dist/tex/latex/graphics-cfg/graphics.cfg
File: graphics.cfg 2016/06/04 v1.11 sample graphics configuration
)
Package graphics Info: Driver file: pdftex.def on input line 99.
)
\Gin@req@height=\dimen125
\Gin@req@width=\dimen126
)
(/usr/share/texlive/texmf-dist/tex/latex/pgf/systemlayer/pgfsys.sty
(/usr/share/texlive/texmf-dist/tex/generic/pgf/systemlayer/pgfsys.code.tex
Package: pgfsys 2014/07/09 v3.0.1a (rcs-revision 1.48)

(/usr/share/texlive/texmf-dist/tex/generic/pgf/utilities/pgfkeys.code.tex
\pgfkeys@pathtoks=\toks25
\pgfkeys@temptoks=\toks26

(/usr/share/texlive/texmf-dist/tex/generic/pgf/utilities/pgfkeysfiltered.code.t
ex
\pgfkeys@tmptoks=\toks27
))
\pgf@x=\dimen127
\pgf@y=\dimen128
\pgf@xa=\dimen129
\pgf@ya=\dimen130
\pgf@xb=\dimen131
\pgf@yb=\dimen132
\pgf@xc=\dimen133
\pgf@yc=\dimen134
\w@pgf@writea=\write3
\r@pgf@reada=\read1
\c@pgf@counta=\count109
\c@pgf@countb=\count110
\c@pgf@countc=\count111
\c@pgf@countd=\count112
\t@pgf@toka=\toks28
\t@pgf@tokb=\toks29
\t@pgf@tokc=\toks30
 (/usr/share/texlive/texmf-dist/tex/generic/pgf/systemlayer/pgf.cfg
File: pgf.cfg 2008/05/14  (rcs-revision 1.7)
)
Driver file for pgf: pgfsys-pdftex.def

(/usr/share/texlive/texmf-dist/tex/generic/pgf/systemlayer/pgfsys-pdftex.def
File: pgfsys-pdftex.def 2014/10/11  (rcs-revision 1.35)

(/usr/share/texlive/texmf-dist/tex/generic/pgf/systemlayer/pgfsys-common-pdf.de
f
File: pgfsys-common-pdf.def 2013/10/10  (rcs-revision 1.13)
)))
(/usr/share/texlive/texmf-dist/tex/generic/pgf/systemlayer/pgfsyssoftpath.code.
tex
File: pgfsyssoftpath.code.tex 2013/09/09  (rcs-revision 1.9)
\pgfsyssoftpath@smallbuffer@items=\count113
\pgfsyssoftpath@bigbuffer@items=\count114
)
(/usr/share/texlive/texmf-dist/tex/generic/pgf/systemlayer/pgfsysprotocol.code.
tex
File: pgfsysprotocol.code.tex 2006/10/16  (rcs-revision 1.4)
))
(/usr/share/texlive/texmf-dist/tex/generic/pgf/basiclayer/pgfcore.code.tex
Package: pgfcore 2010/04/11 v3.0.1a (rcs-revision 1.7)

(/usr/share/texlive/texmf-dist/tex/generic/pgf/math/pgfmath.code.tex
(/usr/share/texlive/texmf-dist/tex/generic/pgf/math/pgfmathcalc.code.tex
(/usr/share/texlive/texmf-dist/tex/generic/pgf/math/pgfmathutil.code.tex)
(/usr/share/texlive/texmf-dist/tex/generic/pgf/math/pgfmathparser.code.tex
\pgfmath@dimen=\dimen135
\pgfmath@count=\count115
\pgfmath@box=\box28
\pgfmath@toks=\toks31
\pgfmath@stack@operand=\toks32
\pgfmath@stack@operation=\toks33
)
(/usr/share/texlive/texmf-dist/tex/generic/pgf/math/pgfmathfunctions.code.tex
(/usr/share/texlive/texmf-dist/tex/generic/pgf/math/pgfmathfunctions.basic.code
.tex)
(/usr/share/texlive/texmf-dist/tex/generic/pgf/math/pgfmathfunctions.trigonomet
ric.code.tex)
(/usr/share/texlive/texmf-dist/tex/generic/pgf/math/pgfmathfunctions.random.cod
e.tex)
(/usr/share/texlive/texmf-dist/tex/generic/pgf/math/pgfmathfunctions.comparison
.code.tex)
(/usr/share/texlive/texmf-dist/tex/generic/pgf/math/pgfmathfunctions.base.code.
tex)
(/usr/share/texlive/texmf-dist/tex/generic/pgf/math/pgfmathfunctions.round.code
.tex)
(/usr/share/texlive/texmf-dist/tex/generic/pgf/math/pgfmathfunctions.misc.code.
tex)
(/usr/share/texlive/texmf-dist/tex/generic/pgf/math/pgfmathfunctions.integerari
thmetics.code.tex)))
(/usr/share/texlive/texmf-dist/tex/generic/pgf/math/pgfmathfloat.code.tex
\c@pgfmathroundto@lastzeros=\count116
))
(/usr/share/texlive/texmf-dist/tex/generic/pgf/basiclayer/pgfcorepoints.code.te
x
File: pgfcorepoints.code.tex 2013/10/07  (rcs-revision 1.27)
\pgf@picminx=\dimen136
\pgf@picmaxx=\dimen137
\pgf@picminy=\dimen138
\pgf@picmaxy=\dimen139
\pgf@pathminx=\dimen140
\pgf@pathmaxx=\dimen141
\pgf@pathminy=\dimen142
\pgf@pathmaxy=\dimen143
\pgf@xx=\dimen144
\pgf@xy=\dimen145
\pgf@yx=\dimen146
\pgf@yy=\dimen147
\pgf@zx=\dimen148
\pgf@zy=\dimen149
)
(/usr/share/texlive/texmf-dist/tex/generic/pgf/basiclayer/pgfcorepathconstruct.
code.tex
File: pgfcorepathconstruct.code.tex 2013/10/07  (rcs-revision 1.29)
\pgf@path@lastx=\dimen150
\pgf@path@lasty=\dimen151
)
(/usr/share/texlive/texmf-dist/tex/generic/pgf/basiclayer/pgfcorepathusage.code
.tex
File: pgfcorepathusage.code.tex 2014/11/02  (rcs-revision 1.24)
\pgf@shorten@end@additional=\dimen152
\pgf@shorten@start@additional=\dimen153
)
(/usr/share/texlive/texmf-dist/tex/generic/pgf/basiclayer/pgfcorescopes.code.te
x
File: pgfcorescopes.code.tex 2015/05/08  (rcs-revision 1.46)
\pgfpic=\box29
\pgf@hbox=\box30
\pgf@layerbox@main=\box31
\pgf@picture@serial@count=\count117
)
(/usr/share/texlive/texmf-dist/tex/generic/pgf/basiclayer/pgfcoregraphicstate.c
ode.tex
File: pgfcoregraphicstate.code.tex 2014/11/02  (rcs-revision 1.12)
\pgflinewidth=\dimen154
)
(/usr/share/texlive/texmf-dist/tex/generic/pgf/basiclayer/pgfcoretransformation
s.code.tex
File: pgfcoretransformations.code.tex 2015/08/07  (rcs-revision 1.20)
\pgf@pt@x=\dimen155
\pgf@pt@y=\dimen156
\pgf@pt@temp=\dimen157
)
(/usr/share/texlive/texmf-dist/tex/generic/pgf/basiclayer/pgfcorequick.code.tex
File: pgfcorequick.code.tex 2008/10/09  (rcs-revision 1.3)
)
(/usr/share/texlive/texmf-dist/tex/generic/pgf/basiclayer/pgfcoreobjects.code.t
ex
File: pgfcoreobjects.code.tex 2006/10/11  (rcs-revision 1.2)
)
(/usr/share/texlive/texmf-dist/tex/generic/pgf/basiclayer/pgfcorepathprocessing
.code.tex
File: pgfcorepathprocessing.code.tex 2013/09/09  (rcs-revision 1.9)
)
(/usr/share/texlive/texmf-dist/tex/generic/pgf/basiclayer/pgfcorearrows.code.te
x
File: pgfcorearrows.code.tex 2015/05/14  (rcs-revision 1.43)
\pgfarrowsep=\dimen158
)
(/usr/share/texlive/texmf-dist/tex/generic/pgf/basiclayer/pgfcoreshade.code.tex
File: pgfcoreshade.code.tex 2013/07/15  (rcs-revision 1.15)
\pgf@max=\dimen159
\pgf@sys@shading@range@num=\count118
)
(/usr/share/texlive/texmf-dist/tex/generic/pgf/basiclayer/pgfcoreimage.code.tex
File: pgfcoreimage.code.tex 2013/07/15  (rcs-revision 1.18)

(/usr/share/texlive/texmf-dist/tex/generic/pgf/basiclayer/pgfcoreexternal.code.
tex
File: pgfcoreexternal.code.tex 2014/07/09  (rcs-revision 1.21)
\pgfexternal@startupbox=\box32
))
(/usr/share/texlive/texmf-dist/tex/generic/pgf/basiclayer/pgfcorelayers.code.te
x
File: pgfcorelayers.code.tex 2013/07/18  (rcs-revision 1.7)
)
(/usr/share/texlive/texmf-dist/tex/generic/pgf/basiclayer/pgfcoretransparency.c
ode.tex
File: pgfcoretransparency.code.tex 2013/09/30  (rcs-revision 1.5)
)
(/usr/share/texlive/texmf-dist/tex/generic/pgf/basiclayer/pgfcorepatterns.code.
tex
File: pgfcorepatterns.code.tex 2013/11/07  (rcs-revision 1.5)
)))
(/usr/share/texlive/texmf-dist/tex/generic/pgf/modules/pgfmoduleshapes.code.tex
File: pgfmoduleshapes.code.tex 2014/03/21  (rcs-revision 1.35)
\pgfnodeparttextbox=\box33
) (/usr/share/texlive/texmf-dist/tex/generic/pgf/modules/pgfmoduleplot.code.tex
File: pgfmoduleplot.code.tex 2015/08/03  (rcs-revision 1.13)
)
(/usr/share/texlive/texmf-dist/tex/latex/pgf/compatibility/pgfcomp-version-0-65
.sty
Package: pgfcomp-version-0-65 2007/07/03 v3.0.1a (rcs-revision 1.7)
\pgf@nodesepstart=\dimen160
\pgf@nodesepend=\dimen161
)
(/usr/share/texlive/texmf-dist/tex/latex/pgf/compatibility/pgfcomp-version-1-18
.sty
Package: pgfcomp-version-1-18 2007/07/23 v3.0.1a (rcs-revision 1.1)
)) (/usr/share/texlive/texmf-dist/tex/latex/pgf/utilities/pgffor.sty
(/usr/share/texlive/texmf-dist/tex/latex/pgf/utilities/pgfkeys.sty
(/usr/share/texlive/texmf-dist/tex/generic/pgf/utilities/pgfkeys.code.tex))
(/usr/share/texlive/texmf-dist/tex/latex/pgf/math/pgfmath.sty
(/usr/share/texlive/texmf-dist/tex/generic/pgf/math/pgfmath.code.tex))
(/usr/share/texlive/texmf-dist/tex/generic/pgf/utilities/pgffor.code.tex
Package: pgffor 2013/12/13 v3.0.1a (rcs-revision 1.25)

(/usr/share/texlive/texmf-dist/tex/generic/pgf/math/pgfmath.code.tex)
\pgffor@iter=\dimen162
\pgffor@skip=\dimen163
\pgffor@stack=\toks34
\pgffor@toks=\toks35
))
(/usr/share/texlive/texmf-dist/tex/generic/pgf/frontendlayer/tikz/tikz.code.tex
Package: tikz 2015/08/07 v3.0.1a (rcs-revision 1.151)

(/usr/share/texlive/texmf-dist/tex/generic/pgf/libraries/pgflibraryplothandlers
.code.tex
File: pgflibraryplothandlers.code.tex 2013/08/31 v3.0.1a (rcs-revision 1.20)
\pgf@plot@mark@count=\count119
\pgfplotmarksize=\dimen164
)
\tikz@lastx=\dimen165
\tikz@lasty=\dimen166
\tikz@lastxsaved=\dimen167
\tikz@lastysaved=\dimen168
\tikzleveldistance=\dimen169
\tikzsiblingdistance=\dimen170
\tikz@figbox=\box34
\tikz@figbox@bg=\box35
\tikz@tempbox=\box36
\tikz@tempbox@bg=\box37
\tikztreelevel=\count120
\tikznumberofchildren=\count121
\tikznumberofcurrentchild=\count122
\tikz@fig@count=\count123

(/usr/share/texlive/texmf-dist/tex/generic/pgf/modules/pgfmodulematrix.code.tex
File: pgfmodulematrix.code.tex 2013/09/17  (rcs-revision 1.8)
\pgfmatrixcurrentrow=\count124
\pgfmatrixcurrentcolumn=\count125
\pgf@matrix@numberofcolumns=\count126
)
\tikz@expandcount=\count127

(/usr/share/texlive/texmf-dist/tex/generic/pgf/frontendlayer/tikz/libraries/tik
zlibrarytopaths.code.tex
File: tikzlibrarytopaths.code.tex 2008/06/17 v3.0.1a (rcs-revision 1.2)
)))
(/usr/share/texlive/texmf-dist/tex/generic/pgf/frontendlayer/tikz/libraries/tik
zlibrarypositioning.code.tex
File: tikzlibrarypositioning.code.tex 2008/10/06 v3.0.1a (rcs-revision 1.7)
)
(/usr/share/texlive/texmf-dist/tex/latex/tools/calc.sty
Package: calc 2014/10/28 v4.3 Infix arithmetic (KKT,FJ)
\calc@Acount=\count128
\calc@Bcount=\count129
\calc@Adimen=\dimen171
\calc@Bdimen=\dimen172
\calc@Askip=\skip47
\calc@Bskip=\skip48
LaTeX Info: Redefining \setlength on input line 80.
LaTeX Info: Redefining \addtolength on input line 81.
\calc@Ccount=\count130
\calc@Cskip=\skip49
)
\c@@todonotes@numberoftodonotes=\count131
)
(/usr/share/texlive/texmf-dist/tex/latex/preprint/authblk.sty
Package: authblk 2001/02/27 1.3 (PWD)
\affilsep=\skip50
\@affilsep=\skip51
\c@Maxaffil=\count132
\c@authors=\count133
\c@affil=\count134
)
(/usr/share/texlive/texmf-dist/tex/latex/setspace/setspace.sty
Package: setspace 2011/12/19 v6.7a set line spacing
)
(/usr/share/texlive/texmf-dist/tex/latex/base/inputenc.sty
Package: inputenc 2015/03/17 v1.2c Input encoding file
\inpenc@prehook=\toks36
\inpenc@posthook=\toks37
)
(./trackedchanges_2019_Balsorano.aux)
\openout1 = `trackedchanges_2019_Balsorano.aux'.

LaTeX Font Info:    Checking defaults for OML/cmm/m/it on input line 48.
LaTeX Font Info:    ... okay on input line 48.
LaTeX Font Info:    Checking defaults for T1/cmr/m/n on input line 48.
LaTeX Font Info:    ... okay on input line 48.
LaTeX Font Info:    Checking defaults for OT1/cmr/m/n on input line 48.
LaTeX Font Info:    ... okay on input line 48.
LaTeX Font Info:    Checking defaults for OMS/cmsy/m/n on input line 48.
LaTeX Font Info:    ... okay on input line 48.
LaTeX Font Info:    Checking defaults for OMX/cmex/m/n on input line 48.
LaTeX Font Info:    ... okay on input line 48.
LaTeX Font Info:    Checking defaults for U/cmr/m/n on input line 48.
LaTeX Font Info:    ... okay on input line 48.
LaTeX Font Info:    Checking defaults for PD1/pdf/m/n on input line 48.
LaTeX Font Info:    ... okay on input line 48.

*geometry* driver: auto-detecting
*geometry* detected driver: pdftex
*geometry* verbose mode - [ preamble ] result:
* driver: pdftex
* paper: custom
* layout: <same size as paper>
* layoutoffset:(h,v)=(0.0pt,0.0pt)
* modes: twoside 
* h-part:(L,W,R)=(75.11525pt, 464.0645pt, 75.11525pt)
* v-part:(T,H,B)=(75.11525pt, 644.73949pt, 75.11525pt)
* \paperwidth=614.295pt
* \paperheight=794.96999pt
* \textwidth=464.0645pt
* \textheight=644.73949pt
* \oddsidemargin=2.84526pt
* \evensidemargin=2.84526pt
* \topmargin=-34.15474pt
* \headheight=12.0pt
* \headsep=25.0pt
* \topskip=12.0pt
* \footskip=30.0pt
* \marginparwidth=56.9055pt
* \marginparsep=10.0pt
* \columnsep=10.0pt
* \skip\footins=10.8pt plus 4.0pt minus 2.0pt
* \hoffset=0.0pt
* \voffset=0.0pt
* \mag=1000
* \@twocolumnfalse
* \@twosidetrue
* \@mparswitchtrue
* \@reversemarginfalse
* (1in=72.27pt=25.4mm, 1cm=28.453pt)

\AtBeginShipoutBox=\box38
Package hyperref Info: Link coloring ON on input line 48.
(/usr/share/texlive/texmf-dist/tex/latex/hyperref/nameref.sty
Package: nameref 2016/05/21 v2.44 Cross-referencing by name of section

(/usr/share/texlive/texmf-dist/tex/generic/oberdiek/gettitlestring.sty
Package: gettitlestring 2016/05/16 v1.5 Cleanup title references (HO)
)
\c@section@level=\count135
)
LaTeX Info: Redefining \ref on input line 48.
LaTeX Info: Redefining \pageref on input line 48.
LaTeX Info: Redefining \nameref on input line 48.

(./trackedchanges_2019_Balsorano.out) (./trackedchanges_2019_Balsorano.out)
\@outlinefile=\write4
\openout4 = `trackedchanges_2019_Balsorano.out'.


(/usr/share/texlive/texmf-dist/tex/context/base/mkii/supp-pdf.mkii
[Loading MPS to PDF converter (version 2006.09.02).]
\scratchcounter=\count136
\scratchdimen=\dimen173
\scratchbox=\box39
\nofMPsegments=\count137
\nofMParguments=\count138
\everyMPshowfont=\toks38
\MPscratchCnt=\count139
\MPscratchDim=\dimen174
\MPnumerator=\count140
\makeMPintoPDFobject=\count141
\everyMPtoPDFconversion=\toks39
) (/usr/share/texlive/texmf-dist/tex/latex/oberdiek/epstopdf-base.sty
Package: epstopdf-base 2016/05/15 v2.6 Base part for package epstopdf

(/usr/share/texlive/texmf-dist/tex/latex/oberdiek/grfext.sty
Package: grfext 2016/05/16 v1.2 Manage graphics extensions (HO)
)
Package epstopdf-base Info: Redefining graphics rule for `.eps' on input line 4
38.
Package grfext Info: Graphics extension search list:
(grfext)             [.pdf,.png,.jpg,.mps,.jpeg,.jbig2,.jb2,.PDF,.PNG,.JPG,.JPE
G,.JBIG2,.JB2,.eps]
(grfext)             \AppendGraphicsExtensions on input line 456.

(/usr/share/texlive/texmf-dist/tex/latex/latexconfig/epstopdf-sys.cfg
File: epstopdf-sys.cfg 2010/07/13 v1.3 Configuration of (r)epstopdf for TeX Liv
e
))
ABD: EveryShipout initializing macros
LaTeX Font Info:    External font `cmex10' loaded for size
(Font)              <20.74> on input line 51.
LaTeX Font Info:    External font `cmex10' loaded for size
(Font)              <14.4> on input line 51.
LaTeX Font Info:    External font `cmex10' loaded for size
(Font)              <12> on input line 51.
LaTeX Font Info:    External font `cmex10' loaded for size
(Font)              <7> on input line 51.
LaTeX Font Info:    External font `cmex10' loaded for size
(Font)              <10.95> on input line 51.
LaTeX Font Info:    External font `cmex10' loaded for size
(Font)              <8> on input line 51.
LaTeX Font Info:    External font `cmex10' loaded for size
(Font)              <6> on input line 51.

Underfull \vbox (badness 10000) has occurred while \output is active []

 [1

{/var/lib/texmf/fonts/map/pdftex/updmap/pdftex.map}]
LaTeX Font Info:    Try loading font information for OMS+cmr on input line 56.

(/usr/share/texlive/texmf-dist/tex/latex/base/omscmr.fd
File: omscmr.fd 2014/09/29 v2.5h Standard LaTeX font definitions
)
LaTeX Font Info:    Font shape `OMS/cmr/m/n' in size <12> not available
(Font)              Font shape `OMS/cmsy/m/n' tried instead on input line 56.

Underfull \vbox (badness 10000) has occurred while \output is active []

 [2]
! Undefined control sequence.
l.72 ...ill sparse, especially for \protect\TLSdel
                                                  {relatively} small \protec...
The control sequence at the end of the top line
of your error message was never \def'ed. If you have
misspelled it (e.g., `\hobx'), type `I' and the correct
spelling (e.g., `I\hbox'). Otherwise just continue,
and I'll forget about whatever was undefined.

! Undefined control sequence.
l.72 ...t\TLSdel{relatively} small \protect\TLSins
                                                  {to moderate-sized} earthq...
The control sequence at the end of the top line
of your error message was never \def'ed. If you have
misspelled it (e.g., `\hobx'), type `I' and the correct
spelling (e.g., `I\hbox'). Otherwise just continue,
and I'll forget about whatever was undefined.

! Undefined control sequence.
l.72 ...oderate-sized} earthquakes \protect\TLSdel
                                                  {(M$_w<5$).} \protect\TLSi...
The control sequence at the end of the top line
of your error message was never \def'ed. If you have
misspelled it (e.g., `\hobx'), type `I' and the correct
spelling (e.g., `I\hbox'). Otherwise just continue,
and I'll forget about whatever was undefined.

! Undefined control sequence.
l.72 ...protect\TLSdel{(M$_w<5$).} \protect\TLSins
                                                  {(M$_w<6$).} We present he...
The control sequence at the end of the top line
of your error message was never \def'ed. If you have
misspelled it (e.g., `\hobx'), type `I' and the correct
spelling (e.g., `I\hbox'). Otherwise just continue,
and I'll forget about whatever was undefined.

! Undefined control sequence.
l.72 ...terns, which suggests that \protect\TLSdel
                                                  {each cluster} \protect\TL...
The control sequence at the end of the top line
of your error message was never \def'ed. If you have
misspelled it (e.g., `\hobx'), type `I' and the correct
spelling (e.g., `I\hbox'). Otherwise just continue,
and I'll forget about whatever was undefined.

! Undefined control sequence.
l.72 ...otect\TLSdel{each cluster} \protect\TLSins
                                                  {the different clusters} i...
The control sequence at the end of the top line
of your error message was never \def'ed. If you have
misspelled it (e.g., `\hobx'), type `I' and the correct
spelling (e.g., `I\hbox'). Otherwise just continue,
and I'll forget about whatever was undefined.

! Undefined control sequence.
l.72 ...clusters} in this sequence \protect\TLSdel
                                                  {has a} \protect\TLSins{ha...
The control sequence at the end of the top line
of your error message was never \def'ed. If you have
misspelled it (e.g., `\hobx'), type `I' and the correct
spelling (e.g., `I\hbox'). Otherwise just continue,
and I'll forget about whatever was undefined.

! Undefined control sequence.
l.72 ...nce \protect\TLSdel{has a} \protect\TLSins
                                                  {have} distinct triggering...
The control sequence at the end of the top line
of your error message was never \def'ed. If you have
misspelled it (e.g., `\hobx'), type `I' and the correct
spelling (e.g., `I\hbox'). Otherwise just continue,
and I'll forget about whatever was undefined.

! Undefined control sequence.
l.72 ...{have} distinct triggering \protect\TLSdel
                                                  {mechanism.} \protect\TLSi...
The control sequence at the end of the top line
of your error message was never \def'ed. If you have
misspelled it (e.g., `\hobx'), type `I' and the correct
spelling (e.g., `I\hbox'). Otherwise just continue,
and I'll forget about whatever was undefined.

! Undefined control sequence.
l.72 ...protect\TLSdel{mechanism.} \protect\TLSins
                                                  {mechanisms.}
The control sequence at the end of the top line
of your error message was never \def'ed. If you have
misspelled it (e.g., `\hobx'), type `I' and the correct
spelling (e.g., `I\hbox'). Otherwise just continue,
and I'll forget about whatever was undefined.

! Undefined control sequence.
l.79 ...s that can inform us about \protect\TLSdel
                                                  {an incoming} \protect\TLS...
The control sequence at the end of the top line
of your error message was never \def'ed. If you have
misspelled it (e.g., `\hobx'), type `I' and the correct
spelling (e.g., `I\hbox'). Otherwise just continue,
and I'll forget about whatever was undefined.

! Undefined control sequence.
l.79 ...rotect\TLSdel{an incoming} \protect\TLSins
                                                  {a forthcoming} earthquake...
The control sequence at the end of the top line
of your error message was never \def'ed. If you have
misspelled it (e.g., `\hobx'), type `I' and the correct
spelling (e.g., `I\hbox'). Otherwise just continue,
and I'll forget about whatever was undefined.

! Undefined control sequence.
l.79 ...sses behind the triggering \protect\TLSins
                                                  {and nucleation} of earthq...
The control sequence at the end of the top line
of your error message was never \def'ed. If you have
misspelled it (e.g., `\hobx'), type `I' and the correct
spelling (e.g., `I\hbox'). Otherwise just continue,
and I'll forget about whatever was undefined.

! Undefined control sequence.
l.79 ...ucleation} of earthquakes. \protect\TLSins
                                                  {These physical models are...
The control sequence at the end of the top line
of your error message was never \def'ed. If you have
misspelled it (e.g., `\hobx'), type `I' and the correct
spelling (e.g., `I\hbox'). Otherwise just continue,
and I'll forget about whatever was undefined.

! Undefined control sequence.
l.79 ...2014intense}. Among these, \protect\TLSins
                                                  {some of the most compelli...
The control sequence at the end of the top line
of your error message was never \def'ed. If you have
misspelled it (e.g., `\hobx'), type `I' and the correct
spelling (e.g., `I\hbox'). Otherwise just continue,
and I'll forget about whatever was undefined.

! Undefined control sequence.
l.79 ...e most compelling are} the \protect\TLSdel
                                                  {more significant} ones \p...
The control sequence at the end of the top line
of your error message was never \def'ed. If you have
misspelled it (e.g., `\hobx'), type `I' and the correct
spelling (e.g., `I\hbox'). Otherwise just continue,
and I'll forget about whatever was undefined.

! Undefined control sequence.
l.79 ...del{more significant} ones \protect\TLSdel
                                                  {have been} based on seism...
The control sequence at the end of the top line
of your error message was never \def'ed. If you have
misspelled it (e.g., `\hobx'), type `I' and the correct
spelling (e.g., `I\hbox'). Otherwise just continue,
and I'll forget about whatever was undefined.

! Undefined control sequence.
l.79 ...racterization of foreshock \protect\TLSdel
                                                  {sequences} \protect\TLSin...
The control sequence at the end of the top line
of your error message was never \def'ed. If you have
misspelled it (e.g., `\hobx'), type `I' and the correct
spelling (e.g., `I\hbox'). Otherwise just continue,
and I'll forget about whatever was undefined.

! Undefined control sequence.
l.79 ...\protect\TLSdel{sequences} \protect\TLSins
                                                  {sequences, as well as oth...
The control sequence at the end of the top line
of your error message was never \def'ed. If you have
misspelled it (e.g., `\hobx'), type `I' and the correct
spelling (e.g., `I\hbox'). Otherwise just continue,
and I'll forget about whatever was undefined.

! Undefined control sequence.
<argument>  \protect \TLSins 
                             {Bouchon_2011_ENI, Ruiz_2014_IFS, ruiz2017nucle...
l.79 ...cleation.} \protect\TLSins{Yoon_2019_FMN}}
                                                  \protect\TLSins{.} Foresho...
The control sequence at the end of the top line
of your error message was never \def'ed. If you have
misspelled it (e.g., `\hobx'), type `I' and the correct
spelling (e.g., `I\hbox'). Otherwise just continue,
and I'll forget about whatever was undefined.

! Undefined control sequence.
<argument>  \protect \TLSdel 
                             {Yoon_2019_FMN, ruiz2017nucleation.} \protect \...
l.79 ...cleation.} \protect\TLSins{Yoon_2019_FMN}}
                                                  \protect\TLSins{.} Foresho...
The control sequence at the end of the top line
of your error message was never \def'ed. If you have
misspelled it (e.g., `\hobx'), type `I' and the correct
spelling (e.g., `I\hbox'). Otherwise just continue,
and I'll forget about whatever was undefined.

! Undefined control sequence.
<argument> ...iz2017nucleation.} \protect \TLSins 
                                                  {Yoon_2019_FMN}
l.79 ...cleation.} \protect\TLSins{Yoon_2019_FMN}}
                                                  \protect\TLSins{.} Foresho...
The control sequence at the end of the top line
of your error message was never \def'ed. If you have
misspelled it (e.g., `\hobx'), type `I' and the correct
spelling (e.g., `I\hbox'). Otherwise just continue,
and I'll forget about whatever was undefined.

! Missing \endcsname inserted.
<to be read again> 
                   \protect 
l.79 ...cleation.} \protect\TLSins{Yoon_2019_FMN}}
                                                  \protect\TLSins{.} Foresho...
The control sequence marked <to be read again> should
not appear between \csname and \endcsname.

! Missing $ inserted.
<inserted text> 
                $
l.79 ...cleation.} \protect\TLSins{Yoon_2019_FMN}}
                                                  \protect\TLSins{.} Foresho...
I've inserted a begin-math/end-math symbol since I think
you left one out. Proceed, with fingers crossed.

! Extra }, or forgotten $.
\@citeb ...NI, Ruiz_2014_IFS, ruiz2017nucleation,}
                                                   Ellsworth_2018_NIE
l.79 ...cleation.} \protect\TLSins{Yoon_2019_FMN}}
                                                  \protect\TLSins{.} Foresho...
I've deleted a group-closing symbol because it seems to be
spurious, as in `$x}$'. But perhaps the } is legitimate and
you forgot something else, as in `\hbox{$x}'. In such cases
the way to recover is to insert both the forgotten and the
deleted material, e.g., by typing `I$}'.

! Extra \endcsname.
\@ifundefined ...dafter \ifx \csname #1\endcsname 
                                                  \relax \expandafter \@firs...
l.79 ...cleation.} \protect\TLSins{Yoon_2019_FMN}}
                                                  \protect\TLSins{.} Foresho...
I'm ignoring this, since I wasn't doing a \csname.


! LaTeX Error: Command \bfseries invalid in math mode.

See the LaTeX manual or LaTeX Companion for explanation.
Type  H <return>  for immediate help.
 ...                                              
                                                  
l.79 ...cleation.} \protect\TLSins{Yoon_2019_FMN}}
                                                  \protect\TLSins{.} Foresho...

Please use the math alphabet \mathbf instead of the \bfseries command. 

! Unbalanced write command.
\@citeb ...I, Ruiz_2014_IFS, ruiz2017nucleation,} 
                                                  Ellsworth_2018_NIE
l.79 ...cleation.} \protect\TLSins{Yoon_2019_FMN}}
                                                  \protect\TLSins{.} Foresho...
On this page there's a \write with fewer real {'s than }'s.
I can't handle that very well; good luck.


Package natbib Warning: Citation `{Bouchon_2011_ENI, Ruiz_2014_IFS, ruiz2017nuc
leation,
! Missing \endcsname inserted.
<to be read again> 
                   \protect 
l.79 ...cleation.} \protect\TLSins{Yoon_2019_FMN}}
                                                  \protect\TLSins{.} Foresho...
The control sequence marked <to be read again> should
not appear between \csname and \endcsname.

! Extra \endcsname.
\@ifundefined ...dafter \ifx \csname #1\endcsname 
                                                  \relax \expandafter \@firs...
l.79 ...cleation.} \protect\TLSins{Yoon_2019_FMN}}
                                                  \protect\TLSins{.} Foresho...
I'm ignoring this, since I wasn't doing a \csname.


! LaTeX Error: Command \bfseries invalid in math mode.

See the LaTeX manual or LaTeX Companion for explanation.
Type  H <return>  for immediate help.
 ...                                              
                                                  
l.79 ...cleation.} \protect\TLSins{Yoon_2019_FMN}}
                                                  \protect\TLSins{.} Foresho...

Please use the math alphabet \mathbf instead of the \bfseries command. 

! Unbalanced write command.
\@citeb ...t {Yoon_2019_FMN, ruiz2017nucleation.} 
                                                  \protect {Yoon_2019_FMN}
l.79 ...cleation.} \protect\TLSins{Yoon_2019_FMN}}
                                                  \protect\TLSins{.} Foresho...
On this page there's a \write with fewer real {'s than }'s.
I can't handle that very well; good luck.


Package natbib Warning: Citation `{Yoon_2019_FMN, ruiz2017nucleation.
! Missing $ inserted.
<inserted text> 
                $
l.79 ...cleation.} \protect\TLSins{Yoon_2019_FMN}}
                                                  \protect\TLSins{.} Foresho...
I've inserted something that you may have forgotten.
(See the <inserted text> above.)
With luck, this will get me unwedged. But if you
really didn't forget anything, try typing `2' now; then
my insertion and my current dilemma will both disappear.

! Missing } inserted.
<inserted text> 
                }
l.79 ...cleation.} \protect\TLSins{Yoon_2019_FMN}}
                                                  \protect\TLSins{.} Foresho...
I've inserted something that you may have forgotten.
(See the <inserted text> above.)
With luck, this will get me unwedged. But if you
really didn't forget anything, try typing `2' now; then
my insertion and my current dilemma will both disappear.

! Undefined control sequence.
l.79 ...tect\TLSins{Yoon_2019_FMN}}\protect\TLSins
                                                  {.} Foreshocks are thus on...
The control sequence at the end of the top line
of your error message was never \def'ed. If you have
misspelled it (e.g., `\hobx'), type `I' and the correct
spelling (e.g., `I\hbox'). Otherwise just continue,
and I'll forget about whatever was undefined.

! Undefined control sequence.
l.79 ...ions and characterization, \protect\TLSdel
                                                  {even} \protect\TLSins{par...
The control sequence at the end of the top line
of your error message was never \def'ed. If you have
misspelled it (e.g., `\hobx'), type `I' and the correct
spelling (e.g., `I\hbox'). Otherwise just continue,
and I'll forget about whatever was undefined.

! Undefined control sequence.
l.79 ...ion, \protect\TLSdel{even} \protect\TLSins
                                                  {particularly} for \protec...
The control sequence at the end of the top line
of your error message was never \def'ed. If you have
misspelled it (e.g., `\hobx'), type `I' and the correct
spelling (e.g., `I\hbox'). Otherwise just continue,
and I'll forget about whatever was undefined.

! Undefined control sequence.
l.79 ...t\TLSins{particularly} for \protect\TLSins
                                                  {the more} frequent \prote...
The control sequence at the end of the top line
of your error message was never \def'ed. If you have
misspelled it (e.g., `\hobx'), type `I' and the correct
spelling (e.g., `I\hbox'). Otherwise just continue,
and I'll forget about whatever was undefined.

! Undefined control sequence.
l.79 ...\TLSins{the more} frequent \protect\TLSdel
                                                  {medium-sized} \protect\TL...
The control sequence at the end of the top line
of your error message was never \def'ed. If you have
misspelled it (e.g., `\hobx'), type `I' and the correct
spelling (e.g., `I\hbox'). Otherwise just continue,
and I'll forget about whatever was undefined.

! Undefined control sequence.
l.79 ...otect\TLSdel{medium-sized} \protect\TLSins
                                                  {small to moderate-sized} ...
The control sequence at the end of the top line
of your error message was never \def'ed. If you have
misspelled it (e.g., `\hobx'), type `I' and the correct
spelling (e.g., `I\hbox'). Otherwise just continue,
and I'll forget about whatever was undefined.

! Undefined control sequence.
l.79 ...hese improved observations \protect\TLSins
                                                  {may} shed \protect\TLSdel...
The control sequence at the end of the top line
of your error message was never \def'ed. If you have
misspelled it (e.g., `\hobx'), type `I' and the correct
spelling (e.g., `I\hbox'). Otherwise just continue,
and I'll forget about whatever was undefined.

! Undefined control sequence.
l.79 ... \protect\TLSins{may} shed \protect\TLSdel
                                                  {new} light on the physica...
The control sequence at the end of the top line
of your error message was never \def'ed. If you have
misspelled it (e.g., `\hobx'), type `I' and the correct
spelling (e.g., `I\hbox'). Otherwise just continue,
and I'll forget about whatever was undefined.

! Undefined control sequence.
l.79 ...ccur during the triggering \protect\TLSins
                                                  {and nucleation} of earthq...
The control sequence at the end of the top line
of your error message was never \def'ed. If you have
misspelled it (e.g., `\hobx'), type `I' and the correct
spelling (e.g., `I\hbox'). Otherwise just continue,
and I'll forget about whatever was undefined.


Overfull \hbox (239.66013pt too wide) in paragraph at lines 79--80
[][]\OT1/cmr/m/n/12 1996[][]Bouchon$[]011[]\OML/cmm/m/it/12 NI; Ruiz[]\OT1/cmr/
m/n/12 014[]\OML/cmm/m/it/12 FS; ruiz\OT1/cmr/m/n/12 2017\OML/cmm/m/it/12 nucle
ation; Ellsworth[]\OT1/cmr/m/n/12 018[]\OML/cmm/m/it/12 IE\OT1/cmr/m/n/12 ;  []
[][];  [])$.
 []

[3]
! Undefined control sequence.
l.81 ...second occurs some minutes \protect\TLSins
                                                  {toThe results of the spat...
The control sequence at the end of the top line
of your error message was never \def'ed. If you have
misspelled it (e.g., `\hobx'), type `I' and the correct
spelling (e.g., `I\hbox'). Otherwise just continue,
and I'll forget about whatever was undefined.

! Undefined control sequence.
l.81 ...\citep{Chiaraluce_2011_AAN}\protect\TLSins
                                                  {. Relying only on our obs...
The control sequence at the end of the top line
of your error message was never \def'ed. If you have
misspelled it (e.g., `\hobx'), type `I' and the correct
spelling (e.g., `I\hbox'). Otherwise just continue,
and I'll forget about whatever was undefined.

! Undefined control sequence.
l.81 ...r, and they are closer} to \protect\TLSins
                                                  {the hypocenter of the mai...
The control sequence at the end of the top line
of your error message was never \def'ed. If you have
misspelled it (e.g., `\hobx'), type `I' and the correct
spelling (e.g., `I\hbox'). Otherwise just continue,
and I'll forget about whatever was undefined.

! Undefined control sequence.
l.81 ...OV,][]{Schoenball_2017_SAS}\protect\TLSins
                                                  {.}
The control sequence at the end of the top line
of your error message was never \def'ed. If you have
misspelled it (e.g., `\hobx'), type `I' and the correct
spelling (e.g., `I\hbox'). Otherwise just continue,
and I'll forget about whatever was undefined.


Underfull \vbox (badness 10000) has occurred while \output is active []

 [4]
! Undefined control sequence.
<argument>  \protect \TLSdel 
                             {Ruiz_2014_IFS, ruiz2014intense.} \protect \TLS...
l.84 ...4intense.} \protect\TLSins{Ruiz_2014_IFS}}
                                                  \protect\TLSins{.} However...
The control sequence at the end of the top line
of your error message was never \def'ed. If you have
misspelled it (e.g., `\hobx'), type `I' and the correct
spelling (e.g., `I\hbox'). Otherwise just continue,
and I'll forget about whatever was undefined.

! Undefined control sequence.
<argument> ... ruiz2014intense.} \protect \TLSins 
                                                  {Ruiz_2014_IFS}
l.84 ...4intense.} \protect\TLSins{Ruiz_2014_IFS}}
                                                  \protect\TLSins{.} However...
The control sequence at the end of the top line
of your error message was never \def'ed. If you have
misspelled it (e.g., `\hobx'), type `I' and the correct
spelling (e.g., `I\hbox'). Otherwise just continue,
and I'll forget about whatever was undefined.

! Missing \endcsname inserted.
<to be read again> 
                   \protect 
l.84 ...4intense.} \protect\TLSins{Ruiz_2014_IFS}}
                                                  \protect\TLSins{.} However...
The control sequence marked <to be read again> should
not appear between \csname and \endcsname.

! Missing $ inserted.
<inserted text> 
                $
l.84 ...4intense.} \protect\TLSins{Ruiz_2014_IFS}}
                                                  \protect\TLSins{.} However...
I've inserted a begin-math/end-math symbol since I think
you left one out. Proceed, with fingers crossed.

! Extra }, or forgotten $.
\@citeb ...otect {Ruiz_2014_IFS, ruiz2014intense.}
                                                   \protect {Ruiz_2014_IFS}
l.84 ...4intense.} \protect\TLSins{Ruiz_2014_IFS}}
                                                  \protect\TLSins{.} However...
I've deleted a group-closing symbol because it seems to be
spurious, as in `$x}$'. But perhaps the } is legitimate and
you forgot something else, as in `\hbox{$x}'. In such cases
the way to recover is to insert both the forgotten and the
deleted material, e.g., by typing `I$}'.

! Extra \endcsname.
\@ifundefined ...dafter \ifx \csname #1\endcsname 
                                                  \relax \expandafter \@firs...
l.84 ...4intense.} \protect\TLSins{Ruiz_2014_IFS}}
                                                  \protect\TLSins{.} However...
I'm ignoring this, since I wasn't doing a \csname.


! LaTeX Error: Command \bfseries invalid in math mode.

See the LaTeX manual or LaTeX Companion for explanation.
Type  H <return>  for immediate help.
 ...                                              
                                                  
l.84 ...4intense.} \protect\TLSins{Ruiz_2014_IFS}}
                                                  \protect\TLSins{.} However...

Please use the math alphabet \mathbf instead of the \bfseries command. 

! Unbalanced write command.
\@citeb ...tect {Ruiz_2014_IFS, ruiz2014intense.} 
                                                  \protect {Ruiz_2014_IFS}
l.84 ...4intense.} \protect\TLSins{Ruiz_2014_IFS}}
                                                  \protect\TLSins{.} However...
On this page there's a \write with fewer real {'s than }'s.
I can't handle that very well; good luck.


Package natbib Warning: Citation `{Ruiz_2014_IFS, ruiz2014intense.
! Missing $ inserted.
<inserted text> 
                $
l.84 ...4intense.} \protect\TLSins{Ruiz_2014_IFS}}
                                                  \protect\TLSins{.} However...
I've inserted something that you may have forgotten.
(See the <inserted text> above.)
With luck, this will get me unwedged. But if you
really didn't forget anything, try typing `2' now; then
my insertion and my current dilemma will both disappear.

! Missing } inserted.
<inserted text> 
                }
l.84 ...4intense.} \protect\TLSins{Ruiz_2014_IFS}}
                                                  \protect\TLSins{.} However...
I've inserted something that you may have forgotten.
(See the <inserted text> above.)
With luck, this will get me unwedged. But if you
really didn't forget anything, try typing `2' now; then
my insertion and my current dilemma will both disappear.

! Undefined control sequence.
l.84 ...tect\TLSins{Ruiz_2014_IFS}}\protect\TLSins
                                                  {.} However, the recent im...
The control sequence at the end of the top line
of your error message was never \def'ed. If you have
misspelled it (e.g., `\hobx'), type `I' and the correct
spelling (e.g., `I\hbox'). Otherwise just continue,
and I'll forget about whatever was undefined.

! Undefined control sequence.
l.84 ... precede the more frequent \protect\TLSdel
                                                  {small-magnitude} \protect...
The control sequence at the end of the top line
of your error message was never \def'ed. If you have
misspelled it (e.g., `\hobx'), type `I' and the correct
spelling (e.g., `I\hbox'). Otherwise just continue,
and I'll forget about whatever was undefined.

! Undefined control sequence.
l.84 ...ct\TLSdel{small-magnitude} \protect\TLSins
                                                  {small to moderate-sized} ...
The control sequence at the end of the top line
of your error message was never \def'ed. If you have
misspelled it (e.g., `\hobx'), type `I' and the correct
spelling (e.g., `I\hbox'). Otherwise just continue,
and I'll forget about whatever was undefined.

! Undefined control sequence.
l.84 ...hat has emerged from these \protect\TLSdel
                                                  {last} more recent studies...
The control sequence at the end of the top line
of your error message was never \def'ed. If you have
misspelled it (e.g., `\hobx'), type `I' and the correct
spelling (e.g., `I\hbox'). Otherwise just continue,
and I'll forget about whatever was undefined.


Underfull \vbox (badness 10000) has occurred while \output is active []

 [5]
! Undefined control sequence.
l.86 ...latively deep in the crust \protect\TLSdel
                                                  {($\sim$ 15} \protect\TLSi...
The control sequence at the end of the top line
of your error message was never \def'ed. If you have
misspelled it (e.g., `\hobx'), type `I' and the correct
spelling (e.g., `I\hbox'). Otherwise just continue,
and I'll forget about whatever was undefined.

! Undefined control sequence.
l.86 ...protect\TLSdel{($\sim$ 15} \protect\TLSins
                                                  {(14} km), close to the tr...
The control sequence at the end of the top line
of your error message was never \def'ed. If you have
misspelled it (e.g., `\hobx'), type `I' and the correct
spelling (e.g., `I\hbox'). Otherwise just continue,
and I'll forget about whatever was undefined.


Underfull \vbox (badness 10000) has occurred while \output is active []

 [6]
\tf@pof=\write5
\openout5 = `trackedchanges_2019_Balsorano.lof'.


[7] [8]
! Undefined control sequence.
l.123 ...ing family members should \protect\TLSdel
                                                  {share} \protect\TLSins{sh...
The control sequence at the end of the top line
of your error message was never \def'ed. If you have
misspelled it (e.g., `\hobx'), type `I' and the correct
spelling (e.g., `I\hbox'). Otherwise just continue,
and I'll forget about whatever was undefined.

! Undefined control sequence.
l.123 ...ld \protect\TLSdel{share} \protect\TLSins
                                                  {share, to some extend,} s...
The control sequence at the end of the top line
of your error message was never \def'ed. If you have
misspelled it (e.g., `\hobx'), type `I' and the correct
spelling (e.g., `I\hbox'). Otherwise just continue,
and I'll forget about whatever was undefined.

! Undefined control sequence.
l.123 ..._NIE, Cattaneo_1999_WSA}. \protect\TLSins
                                                  {However, due to the proxi...
The control sequence at the end of the top line
of your error message was never \def'ed. If you have
misspelled it (e.g., `\hobx'), type `I' and the correct
spelling (e.g., `I\hbox'). Otherwise just continue,
and I'll forget about whatever was undefined.


Underfull \vbox (badness 10000) has occurred while \output is active []

 [9]

Package natbib Warning: Citation `Poli_2020' on page 10 undefined on input line
 142.

[10]
Underfull \vbox (badness 2521) has occurred while \output is active []

 [11]
[12]
! Undefined control sequence.
l.176 \protect\TLSins
                     {Analyzing the waveform-based correlation matrix (figur...
The control sequence at the end of the top line
of your error message was never \def'ed. If you have
misspelled it (e.g., `\hobx'), type `I' and the correct
spelling (e.g., `I\hbox'). Otherwise just continue,
and I'll forget about whatever was undefined.

! Undefined control sequence.
l.176 ...ly small magnitudes (70}\%\protect\TLSins
                                                  { of the events have magni...
The control sequence at the end of the top line
of your error message was never \def'ed. If you have
misspelled it (e.g., `\hobx'), type `I' and the correct
spelling (e.g., `I\hbox'). Otherwise just continue,
and I'll forget about whatever was undefined.

! Undefined control sequence.
l.176 ...a2019,uchida2019repeating}\protect\TLSins
                                                  {.}
The control sequence at the end of the top line
of your error message was never \def'ed. If you have
misspelled it (e.g., `\hobx'), type `I' and the correct
spelling (e.g., `I\hbox'). Otherwise just continue,
and I'll forget about whatever was undefined.

! Undefined control sequence.
l.178 ...1983_HVE, Shen_1994_PDF}. \protect\TLSins
                                                  {These particular features...
The control sequence at the end of the top line
of your error message was never \def'ed. If you have
misspelled it (e.g., `\hobx'), type `I' and the correct
spelling (e.g., `I\hbox'). Otherwise just continue,
and I'll forget about whatever was undefined.


Package natbib Warning: Citation `inbal2017locally' on page 13 undefined on inp
ut line 178.


Underfull \vbox (badness 10000) has occurred while \output is active []

 [13]
! Undefined control sequence.
l.182 ...e }\citep{toda2011coulomb}\protect\TLSins
                                                  {.}
The control sequence at the end of the top line
of your error message was never \def'ed. If you have
misspelled it (e.g., `\hobx'), type `I' and the correct
spelling (e.g., `I\hbox'). Otherwise just continue,
and I'll forget about whatever was undefined.


Package natbib Warning: Citation `poliseasonal' on page 14 undefined on input l
ine 184.


Underfull \vbox (badness 2521) has occurred while \output is active []

 [14]
[15]
Overfull \hbox (70.9831pt too wide) in paragraph at lines 199--200
\OT1/cmr/m/n/12 ofisica e Vul-canolo-gia (INGV) seis-mo-log-i-cal data cen-ter 
([][][]http://cnt.rm.ingv.it/webservices[]and[]software/[][][];
 []


Overfull \hbox (11.04317pt too wide) in paragraph at lines 199--200
\OT1/cmr/m/n/12 last ac-cessed, March 2020) and were down-loaded us-ing ob-spy-
DMT ([][][]https://github.com/kasra-
 []


Overfull \hbox (33.81506pt too wide) in paragraph at lines 199--200
\OT1/cmr/m/n/12 Some plots were made us-ing the Generic Map-ping Tools ver-sion
 4.5.14 ([][][]www.soest.hawaii.edu/gmt[][][];
 []


Overfull \hbox (21.28833pt too wide) in paragraph at lines 199--200
[][]\OT1/cmr/m/n/12 Wes-sel and Smith[][] ([][]1998[][])). The event clus-ter-i
ng was per-formed us-ing Scikit-learn ([][]https://scikit-
 []

[16] [17] [18]
! Undefined control sequence.
l.336 \protect\TLSins
                     {\bibitem[Falcucci et~al., 2016]{Falcucci2016active}
The control sequence at the end of the top line
of your error message was never \def'ed. If you have
misspelled it (e.g., `\hobx'), type `I' and the correct
spelling (e.g., `I\hbox'). Otherwise just continue,
and I'll forget about whatever was undefined.

[19] [20] [21]
Runaway argument?
Poli et~al., \protect \TLSdel {020a]{poliseasonal}} \protect \TLSins \ETC.
! Paragraph ended before \@lbibitem was complete.
<to be read again> 
                   \par 
l.485 
      
I suspect you've forgotten a `}', causing me to apply this
control sequence to too much text. How can we recover?
My plan is to forget the whole thing and hope for the best.

Runaway argument?
Poli et~al., \protect \TLSdel {020b]{Poli_2020}} \protect \TLSins {20\ETC.
! Paragraph ended before \@lbibitem was complete.
<to be read again> 
                   \par 
l.491 
      
I suspect you've forgotten a `}', causing me to apply this
control sequence to too much text. How can we recover?
My plan is to forget the whole thing and hope for the best.

[22] [23]
! Undefined control sequence.
l.603 \protect\TLSins
                     {\bibitem[Toda et~al., 2011]{toda2011coulomb}
The control sequence at the end of the top line
of your error message was never \def'ed. If you have
misspelled it (e.g., `\hobx'), type `I' and the correct
spelling (e.g., `I\hbox'). Otherwise just continue,
and I'll forget about whatever was undefined.

Missing character: There is no  in font cmr12!
Missing character: There is no  in font cmr12!
Missing character: There is no  in font cmr12!
[24]
Missing character: There is no  in font cmr12!
Missing character: There is no  in font cmr12!
Missing character: There is no  in font cmr12!

! Undefined control sequence.
l.651 \protect\TLSins
                     {\bibitem[Wedmore et~al., 2017]{wedmore2017667}
The control sequence at the end of the top line
of your error message was never \def'ed. If you have
misspelled it (e.g., `\hobx'), type `I' and the correct
spelling (e.g., `I\hbox'). Otherwise just continue,
and I'll forget about whatever was undefined.

[25]

Package natbib Warning: There were undefined citations.

[26] (./trackedchanges_2019_Balsorano.lofpdfTeX warning (ext4): destination wit
h the same identifier (name{figure.1}) has been already used, duplicate ignored

<to be read again> 
                   \relax 
l.5     \caption
                {Regional map of the study area. The yellow square inside th...
pdfTeX warning (ext4): destination with the same identifier (name{figure.1}) ha
s been already used, duplicate ignored
<to be read again> 
                   \relax 
l.5 ...(scarp taken from \cite{wedmore2017667}).}}
                                                  
! Undefined control sequence.
<argument> ...sections of Figure \protect \TLSdel 
                                                  {5.} \protect \TLSins {5. ...
l.5 ...(scarp taken from \cite{wedmore2017667}).}}
                                                  
The control sequence at the end of the top line
of your error message was never \def'ed. If you have
misspelled it (e.g., `\hobx'), type `I' and the correct
spelling (e.g., `I\hbox'). Otherwise just continue,
and I'll forget about whatever was undefined.

! Undefined control sequence.
<argument> ...otect \TLSdel {5.} \protect \TLSins 
                                                  {5. The solid red line rep...
l.5 ...(scarp taken from \cite{wedmore2017667}).}}
                                                  
The control sequence at the end of the top line
of your error message was never \def'ed. If you have
misspelled it (e.g., `\hobx'), type `I' and the correct
spelling (e.g., `I\hbox'). Otherwise just continue,
and I'll forget about whatever was undefined.

pdfTeX warning (ext4): destination with the same identifier (name{figure.2}) ha
s been already used, duplicate ignored
<to be read again> 
                   \relax 
l.12 \caption
             {(a) Spectrogram on VVLD.HHZ. The white line is the median of t...
pdfTeX warning (ext4): destination with the same identifier (name{figure.2}) ha
s been already used, duplicate ignored
<to be read again> 
                   \relax 
l.12 ...0) and unshaded (6:00 to 18:00) regions.}}
                                                  
! Undefined control sequence.
<argument> ...-h sliding window. \protect \TLSins 
                                                  {Notice the diurnal energy...
l.12 ...0) and unshaded (6:00 to 18:00) regions.}}
                                                  
The control sequence at the end of the top line
of your error message was never \def'ed. If you have
misspelled it (e.g., `\hobx'), type `I' and the correct
spelling (e.g., `I\hbox'). Otherwise just continue,
and I'll forget about whatever was undefined.

! Undefined control sequence.
<argument> ...f November 8 to 9, \protect \TLSdel 
                                                  {2019.} \protect \TLSins {...
l.12 ...0) and unshaded (6:00 to 18:00) regions.}}
                                                  
The control sequence at the end of the top line
of your error message was never \def'ed. If you have
misspelled it (e.g., `\hobx'), type `I' and the correct
spelling (e.g., `I\hbox'). Otherwise just continue,
and I'll forget about whatever was undefined.

! Undefined control sequence.
<argument> ...ct \TLSdel {2019.} \protect \TLSins 
                                                  {2019. In all pannels, day...
l.12 ...0) and unshaded (6:00 to 18:00) regions.}}
                                                  
The control sequence at the end of the top line
of your error message was never \def'ed. If you have
misspelled it (e.g., `\hobx'), type `I' and the correct
spelling (e.g., `I\hbox'). Otherwise just continue,
and I'll forget about whatever was undefined.

pdfTeX warning (ext4): destination with the same identifier (name{figure.3}) ha
s been already used, duplicate ignored
<to be read again> 
                   \relax 
l.18 ...idth]{wigg_cc_mat_cluster.png}    \caption
                                                  {Illustration of the wavef...
pdfTeX warning (ext4): destination with the same identifier (name{figure.3}) ha
s been already used, duplicate ignored
<to be read again> 
                   \relax 
l.18 ...ized waveforms belonging to each cluster.}
                                                   [27

]pdfTeX warning (ext4): destination with the same identifier (name{figure.4}) h
as been already used, duplicate ignored
<to be read again> 
                   \relax 
l.26      \caption
                  {Spatio-temporal evolution of the earthquake sequences wit...
pdfTeX warning (ext4): destination with the same identifier (name{figure.4}) ha
s been already used, duplicate ignored
<to be read again> 
                   \relax 
l.26 ...he same color code from Figure 3 is used.}
                                                  
! Undefined control sequence.
<argument> ... for each cluster. \protect \TLSdel 
                                                  {Black dashed line, mainsh...
l.26 ...he same color code from Figure 3 is used.}
                                                  
The control sequence at the end of the top line
of your error message was never \def'ed. If you have
misspelled it (e.g., `\hobx'), type `I' and the correct
spelling (e.g., `I\hbox'). Otherwise just continue,
and I'll forget about whatever was undefined.

! Undefined control sequence.
<argument> ...n and origin time. \protect \TLSdel 
                                                  {Black} \protect \TLSins {...
l.26 ...he same color code from Figure 3 is used.}
                                                  
The control sequence at the end of the top line
of your error message was never \def'ed. If you have
misspelled it (e.g., `\hobx'), type `I' and the correct
spelling (e.g., `I\hbox'). Otherwise just continue,
and I'll forget about whatever was undefined.

! Undefined control sequence.
<argument> ...ct \TLSdel {Black} \protect \TLSins 
                                                  {The} dashed \protect \TLS...
l.26 ...he same color code from Figure 3 is used.}
                                                  
The control sequence at the end of the top line
of your error message was never \def'ed. If you have
misspelled it (e.g., `\hobx'), type `I' and the correct
spelling (e.g., `I\hbox'). Otherwise just continue,
and I'll forget about whatever was undefined.

! Undefined control sequence.
<argument> ...LSins {The} dashed \protect \TLSdel 
                                                  {line, mainshock hypocente...
l.26 ...he same color code from Figure 3 is used.}
                                                  
The control sequence at the end of the top line
of your error message was never \def'ed. If you have
misspelled it (e.g., `\hobx'), type `I' and the correct
spelling (e.g., `I\hbox'). Otherwise just continue,
and I'll forget about whatever was undefined.

! Undefined control sequence.
<argument> ...nshock hypocenter} \protect \TLSins 
                                                  {grey line on the left} an...
l.26 ...he same color code from Figure 3 is used.}
                                                  
The control sequence at the end of the top line
of your error message was never \def'ed. If you have
misspelled it (e.g., `\hobx'), type `I' and the correct
spelling (e.g., `I\hbox'). Otherwise just continue,
and I'll forget about whatever was undefined.

! Undefined control sequence.
<argument> ...e on the left} and \protect \TLSins 
                                                  {center column represents ...
l.26 ...he same color code from Figure 3 is used.}
                                                  
The control sequence at the end of the top line
of your error message was never \def'ed. If you have
misspelled it (e.g., `\hobx'), type `I' and the correct
spelling (e.g., `I\hbox'). Otherwise just continue,
and I'll forget about whatever was undefined.

! Undefined control sequence.
<argument> ...vents per 0.1 km). \protect \TLSdel 
                                                  {Solid} \protect \TLSins {...
l.26 ...he same color code from Figure 3 is used.}
                                                  
The control sequence at the end of the top line
of your error message was never \def'ed. If you have
misspelled it (e.g., `\hobx'), type `I' and the correct
spelling (e.g., `I\hbox'). Otherwise just continue,
and I'll forget about whatever was undefined.

! Undefined control sequence.
<argument> ...ct \TLSdel {Solid} \protect \TLSins 
                                                  {Dashed black} line, where...
l.26 ...he same color code from Figure 3 is used.}
                                                  
The control sequence at the end of the top line
of your error message was never \def'ed. If you have
misspelled it (e.g., `\hobx'), type `I' and the correct
spelling (e.g., `I\hbox'). Otherwise just continue,
and I'll forget about whatever was undefined.

! Undefined control sequence.
<argument> ...) Each of the five \protect \TLSdel 
                                                  {clusters.} \protect \TLSi...
l.26 ...he same color code from Figure 3 is used.}
                                                  
The control sequence at the end of the top line
of your error message was never \def'ed. If you have
misspelled it (e.g., `\hobx'), type `I' and the correct
spelling (e.g., `I\hbox'). Otherwise just continue,
and I'll forget about whatever was undefined.

! Undefined control sequence.
<argument> ...TLSdel {clusters.} \protect \TLSins 
                                                  {clusters progresively ord...
l.26 ...he same color code from Figure 3 is used.}
                                                  
The control sequence at the end of the top line
of your error message was never \def'ed. If you have
misspelled it (e.g., `\hobx'), type `I' and the correct
spelling (e.g., `I\hbox'). Otherwise just continue,
and I'll forget about whatever was undefined.

pdfTeX warning (ext4): destination with the same identifier (name{figure.5}) ha
s been already used, duplicate ignored
<to be read again> 
                   \relax 
l.34 \caption
             {Map view (left column), and cross-sections along the strike (m...
pdfTeX warning (ext4): destination with the same identifier (name{figure.5}) ha
s been already used, duplicate ignored
<to be read again> 
                   \relax 
l.34 ...the templates belonging to each cluster.}}
                                                  
! Undefined control sequence.
<argument> ...als Table S1). The \protect \TLSins 
                                                  {dashed blue line represen...
l.34 ...the templates belonging to each cluster.}}
                                                  
The control sequence at the end of the top line
of your error message was never \def'ed. If you have
misspelled it (e.g., `\hobx'), type `I' and the correct
spelling (e.g., `I\hbox'). Otherwise just continue,
and I'll forget about whatever was undefined.

! Undefined control sequence.
<argument> ... same as in Figure \protect \TLSdel 
                                                  {1.} \protect \TLSins {1. ...
l.34 ...the templates belonging to each cluster.}}
                                                  
The control sequence at the end of the top line
of your error message was never \def'ed. If you have
misspelled it (e.g., `\hobx'), type `I' and the correct
spelling (e.g., `I\hbox'). Otherwise just continue,
and I'll forget about whatever was undefined.

! Undefined control sequence.
<argument> ...otect \TLSdel {1.} \protect \TLSins 
                                                  {1. Each cluster is repres...
l.34 ...the templates belonging to each cluster.}}
                                                  
The control sequence at the end of the top line
of your error message was never \def'ed. If you have
misspelled it (e.g., `\hobx'), type `I' and the correct
spelling (e.g., `I\hbox'). Otherwise just continue,
and I'll forget about whatever was undefined.

) [28] (./trackedchanges_2019_Balsorano.lof
<map_balsorano.pdf, id=554, 1314.69171pt x 787.86644pt>
File: map_balsorano.pdf Graphic file (type pdf)
<use map_balsorano.pdf>
Package pdftex.def Info: map_balsorano.pdf  used on input line 4.
(pdftex.def)             Requested size: 464.0645pt x 278.10164pt.
pdfTeX warning (ext4): destination with the same identifier (name{figure.1}) ha
s been already used, duplicate ignored
<to be read again> 
                   \relax 
l.5 ...(scarp taken from \cite{wedmore2017667}).}}
                                                  
! Undefined control sequence.
<argument> ...sections of Figure \protect \TLSdel 
                                                  {5.} \protect \TLSins {5. ...
l.5 ...(scarp taken from \cite{wedmore2017667}).}}
                                                  
The control sequence at the end of the top line
of your error message was never \def'ed. If you have
misspelled it (e.g., `\hobx'), type `I' and the correct
spelling (e.g., `I\hbox'). Otherwise just continue,
and I'll forget about whatever was undefined.

! Undefined control sequence.
<argument> ...otect \TLSdel {5.} \protect \TLSins 
                                                  {5. The solid red line rep...
l.5 ...(scarp taken from \cite{wedmore2017667}).}}
                                                  
The control sequence at the end of the top line
of your error message was never \def'ed. If you have
misspelled it (e.g., `\hobx'), type `I' and the correct
spelling (e.g., `I\hbox'). Otherwise just continue,
and I'll forget about whatever was undefined.

pdfTeX warning (ext4): destination with the same identifier (name{figure.1}) ha
s been already used, duplicate ignored
<to be read again> 
                   \relax 
l.5 ...(scarp taken from \cite{wedmore2017667}).}}
                                                  
! Undefined control sequence.
<argument> ...sections of Figure \protect \TLSdel 
                                                  {5.} \protect \TLSins {5. ...
l.5 ...(scarp taken from \cite{wedmore2017667}).}}
                                                  
The control sequence at the end of the top line
of your error message was never \def'ed. If you have
misspelled it (e.g., `\hobx'), type `I' and the correct
spelling (e.g., `I\hbox'). Otherwise just continue,
and I'll forget about whatever was undefined.

! Undefined control sequence.
<argument> ...otect \TLSdel {5.} \protect \TLSins 
                                                  {5. The solid red line rep...
l.5 ...(scarp taken from \cite{wedmore2017667}).}}
                                                  
The control sequence at the end of the top line
of your error message was never \def'ed. If you have
misspelled it (e.g., `\hobx'), type `I' and the correct
spelling (e.g., `I\hbox'). Otherwise just continue,
and I'll forget about whatever was undefined.

<spec_rec_mag.png, id=559, 1088.065pt x 533.995pt>
File: spec_rec_mag.png Graphic file (type png)
<use spec_rec_mag.png>
Package pdftex.def Info: spec_rec_mag.png  used on input line 11.
(pdftex.def)             Requested size: 464.0645pt x 227.7556pt.
pdfTeX warning (ext4): destination with the same identifier (name{figure.2}) ha
s been already used, duplicate ignored
<to be read again> 
                   \relax 
l.12 ...0) and unshaded (6:00 to 18:00) regions.}}
                                                  
! Undefined control sequence.
<argument> ...-h sliding window. \protect \TLSins 
                                                  {Notice the diurnal energy...
l.12 ...0) and unshaded (6:00 to 18:00) regions.}}
                                                  
The control sequence at the end of the top line
of your error message was never \def'ed. If you have
misspelled it (e.g., `\hobx'), type `I' and the correct
spelling (e.g., `I\hbox'). Otherwise just continue,
and I'll forget about whatever was undefined.

! Undefined control sequence.
<argument> ...f November 8 to 9, \protect \TLSdel 
                                                  {2019.} \protect \TLSins {...
l.12 ...0) and unshaded (6:00 to 18:00) regions.}}
                                                  
The control sequence at the end of the top line
of your error message was never \def'ed. If you have
misspelled it (e.g., `\hobx'), type `I' and the correct
spelling (e.g., `I\hbox'). Otherwise just continue,
and I'll forget about whatever was undefined.

! Undefined control sequence.
<argument> ...ct \TLSdel {2019.} \protect \TLSins 
                                                  {2019. In all pannels, day...
l.12 ...0) and unshaded (6:00 to 18:00) regions.}}
                                                  
The control sequence at the end of the top line
of your error message was never \def'ed. If you have
misspelled it (e.g., `\hobx'), type `I' and the correct
spelling (e.g., `I\hbox'). Otherwise just continue,
and I'll forget about whatever was undefined.

pdfTeX warning (ext4): destination with the same identifier (name{figure.2}) ha
s been already used, duplicate ignored
<to be read again> 
                   \relax 
l.12 ...0) and unshaded (6:00 to 18:00) regions.}}
                                                  
! Undefined control sequence.
<argument> ...-h sliding window. \protect \TLSins 
                                                  {Notice the diurnal energy...
l.12 ...0) and unshaded (6:00 to 18:00) regions.}}
                                                  
The control sequence at the end of the top line
of your error message was never \def'ed. If you have
misspelled it (e.g., `\hobx'), type `I' and the correct
spelling (e.g., `I\hbox'). Otherwise just continue,
and I'll forget about whatever was undefined.

! Undefined control sequence.
<argument> ...f November 8 to 9, \protect \TLSdel 
                                                  {2019.} \protect \TLSins {...
l.12 ...0) and unshaded (6:00 to 18:00) regions.}}
                                                  
The control sequence at the end of the top line
of your error message was never \def'ed. If you have
misspelled it (e.g., `\hobx'), type `I' and the correct
spelling (e.g., `I\hbox'). Otherwise just continue,
and I'll forget about whatever was undefined.

! Undefined control sequence.
<argument> ...ct \TLSdel {2019.} \protect \TLSins 
                                                  {2019. In all pannels, day...
l.12 ...0) and unshaded (6:00 to 18:00) regions.}}
                                                  
The control sequence at the end of the top line
of your error message was never \def'ed. If you have
misspelled it (e.g., `\hobx'), type `I' and the correct
spelling (e.g., `I\hbox'). Otherwise just continue,
and I'll forget about whatever was undefined.

<wigg_cc_mat_cluster.png, id=561, 1229.59375pt x 701.62125pt>
File: wigg_cc_mat_cluster.png Graphic file (type png)
<use wigg_cc_mat_cluster.png>
Package pdftex.def Info: wigg_cc_mat_cluster.png  used on input line 18.
(pdftex.def)             Requested size: 464.0645pt x 264.79884pt.
pdfTeX warning (ext4): destination with the same identifier (name{figure.3}) ha
s been already used, duplicate ignored
<to be read again> 
                   \relax 
l.18 ...ized waveforms belonging to each cluster.}
                                                  pdfTeX warning (ext4): destin
ation with the same identifier (name{figure.3}) has been already used, duplicat
e ignored
<to be read again> 
                   \relax 
l.18 ...ized waveforms belonging to each cluster.}
                                                  
Underfull \vbox (badness 10000) has occurred while \output is active []

 [29


 <./map_balsorano.pdf>]
Package epstopdf Info: Source file: <densities_plot.eps>
(epstopdf)                    date: 2020-10-09 18:23:17
(epstopdf)                    size: 300268 bytes
(epstopdf)             Output file: <densities_plot-eps-converted-to.pdf>
(epstopdf)                    date: 2020-10-12 10:24:26
(epstopdf)                    size: 50167 bytes
(epstopdf)             Command: <repstopdf --outfile=densities_plot-eps-convert
ed-to.pdf densities_plot.eps>
(epstopdf)             \includegraphics on input line 25.
Package epstopdf Info: Output file is already uptodate.


pdfTeX warning: /usr/bin/pdflatex (file ./densities_plot-eps-converted-to.pdf):
 PDF inclusion: found PDF version <1.7>, but at most version <1.5> allowed
<densities_plot-eps-converted-to.pdf, id=664, 731.73375pt x 515.9275pt>
File: densities_plot-eps-converted-to.pdf Graphic file (type pdf)
<use densities_plot-eps-converted-to.pdf>
Package pdftex.def Info: densities_plot-eps-converted-to.pdf  used on input lin
e 25.
(pdftex.def)             Requested size: 464.0645pt x 327.20096pt.
pdfTeX warning (ext4): destination with the same identifier (name{figure.4}) ha
s been already used, duplicate ignored
<to be read again> 
                   \relax 
l.26 ...he same color code from Figure 3 is used.}
                                                  
! Undefined control sequence.
<argument> ... for each cluster. \protect \TLSdel 
                                                  {Black dashed line, mainsh...
l.26 ...he same color code from Figure 3 is used.}
                                                  
The control sequence at the end of the top line
of your error message was never \def'ed. If you have
misspelled it (e.g., `\hobx'), type `I' and the correct
spelling (e.g., `I\hbox'). Otherwise just continue,
and I'll forget about whatever was undefined.

! Undefined control sequence.
<argument> ...n and origin time. \protect \TLSdel 
                                                  {Black} \protect \TLSins {...
l.26 ...he same color code from Figure 3 is used.}
                                                  
The control sequence at the end of the top line
of your error message was never \def'ed. If you have
misspelled it (e.g., `\hobx'), type `I' and the correct
spelling (e.g., `I\hbox'). Otherwise just continue,
and I'll forget about whatever was undefined.

! Undefined control sequence.
<argument> ...ct \TLSdel {Black} \protect \TLSins 
                                                  {The} dashed \protect \TLS...
l.26 ...he same color code from Figure 3 is used.}
                                                  
The control sequence at the end of the top line
of your error message was never \def'ed. If you have
misspelled it (e.g., `\hobx'), type `I' and the correct
spelling (e.g., `I\hbox'). Otherwise just continue,
and I'll forget about whatever was undefined.

! Undefined control sequence.
<argument> ...LSins {The} dashed \protect \TLSdel 
                                                  {line, mainshock hypocente...
l.26 ...he same color code from Figure 3 is used.}
                                                  
The control sequence at the end of the top line
of your error message was never \def'ed. If you have
misspelled it (e.g., `\hobx'), type `I' and the correct
spelling (e.g., `I\hbox'). Otherwise just continue,
and I'll forget about whatever was undefined.

! Undefined control sequence.
<argument> ...nshock hypocenter} \protect \TLSins 
                                                  {grey line on the left} an...
l.26 ...he same color code from Figure 3 is used.}
                                                  
The control sequence at the end of the top line
of your error message was never \def'ed. If you have
misspelled it (e.g., `\hobx'), type `I' and the correct
spelling (e.g., `I\hbox'). Otherwise just continue,
and I'll forget about whatever was undefined.

! Undefined control sequence.
<argument> ...e on the left} and \protect \TLSins 
                                                  {center column represents ...
l.26 ...he same color code from Figure 3 is used.}
                                                  
The control sequence at the end of the top line
of your error message was never \def'ed. If you have
misspelled it (e.g., `\hobx'), type `I' and the correct
spelling (e.g., `I\hbox'). Otherwise just continue,
and I'll forget about whatever was undefined.

! Undefined control sequence.
<argument> ...vents per 0.1 km). \protect \TLSdel 
                                                  {Solid} \protect \TLSins {...
l.26 ...he same color code from Figure 3 is used.}
                                                  
The control sequence at the end of the top line
of your error message was never \def'ed. If you have
misspelled it (e.g., `\hobx'), type `I' and the correct
spelling (e.g., `I\hbox'). Otherwise just continue,
and I'll forget about whatever was undefined.

! Undefined control sequence.
<argument> ...ct \TLSdel {Solid} \protect \TLSins 
                                                  {Dashed black} line, where...
l.26 ...he same color code from Figure 3 is used.}
                                                  
The control sequence at the end of the top line
of your error message was never \def'ed. If you have
misspelled it (e.g., `\hobx'), type `I' and the correct
spelling (e.g., `I\hbox'). Otherwise just continue,
and I'll forget about whatever was undefined.

! Undefined control sequence.
<argument> ...) Each of the five \protect \TLSdel 
                                                  {clusters.} \protect \TLSi...
l.26 ...he same color code from Figure 3 is used.}
                                                  
The control sequence at the end of the top line
of your error message was never \def'ed. If you have
misspelled it (e.g., `\hobx'), type `I' and the correct
spelling (e.g., `I\hbox'). Otherwise just continue,
and I'll forget about whatever was undefined.

! Undefined control sequence.
<argument> ...TLSdel {clusters.} \protect \TLSins 
                                                  {clusters progresively ord...
l.26 ...he same color code from Figure 3 is used.}
                                                  
The control sequence at the end of the top line
of your error message was never \def'ed. If you have
misspelled it (e.g., `\hobx'), type `I' and the correct
spelling (e.g., `I\hbox'). Otherwise just continue,
and I'll forget about whatever was undefined.

pdfTeX warning (ext4): destination with the same identifier (name{figure.4}) ha
s been already used, duplicate ignored
<to be read again> 
                   \relax 
l.26 ...he same color code from Figure 3 is used.}
                                                  
! Undefined control sequence.
<argument> ... for each cluster. \protect \TLSdel 
                                                  {Black dashed line, mainsh...
l.26 ...he same color code from Figure 3 is used.}
                                                  
The control sequence at the end of the top line
of your error message was never \def'ed. If you have
misspelled it (e.g., `\hobx'), type `I' and the correct
spelling (e.g., `I\hbox'). Otherwise just continue,
and I'll forget about whatever was undefined.

! Undefined control sequence.
<argument> ...n and origin time. \protect \TLSdel 
                                                  {Black} \protect \TLSins {...
l.26 ...he same color code from Figure 3 is used.}
                                                  
The control sequence at the end of the top line
of your error message was never \def'ed. If you have
misspelled it (e.g., `\hobx'), type `I' and the correct
spelling (e.g., `I\hbox'). Otherwise just continue,
and I'll forget about whatever was undefined.

! Undefined control sequence.
<argument> ...ct \TLSdel {Black} \protect \TLSins 
                                                  {The} dashed \protect \TLS...
l.26 ...he same color code from Figure 3 is used.}
                                                  
The control sequence at the end of the top line
of your error message was never \def'ed. If you have
misspelled it (e.g., `\hobx'), type `I' and the correct
spelling (e.g., `I\hbox'). Otherwise just continue,
and I'll forget about whatever was undefined.

! Undefined control sequence.
<argument> ...LSins {The} dashed \protect \TLSdel 
                                                  {line, mainshock hypocente...
l.26 ...he same color code from Figure 3 is used.}
                                                  
The control sequence at the end of the top line
of your error message was never \def'ed. If you have
misspelled it (e.g., `\hobx'), type `I' and the correct
spelling (e.g., `I\hbox'). Otherwise just continue,
and I'll forget about whatever was undefined.

! Undefined control sequence.
<argument> ...nshock hypocenter} \protect \TLSins 
                                                  {grey line on the left} an...
l.26 ...he same color code from Figure 3 is used.}
                                                  
The control sequence at the end of the top line
of your error message was never \def'ed. If you have
misspelled it (e.g., `\hobx'), type `I' and the correct
spelling (e.g., `I\hbox'). Otherwise just continue,
and I'll forget about whatever was undefined.

! Undefined control sequence.
<argument> ...e on the left} and \protect \TLSins 
                                                  {center column represents ...
l.26 ...he same color code from Figure 3 is used.}
                                                  
The control sequence at the end of the top line
of your error message was never \def'ed. If you have
misspelled it (e.g., `\hobx'), type `I' and the correct
spelling (e.g., `I\hbox'). Otherwise just continue,
and I'll forget about whatever was undefined.

! Undefined control sequence.
<argument> ...vents per 0.1 km). \protect \TLSdel 
                                                  {Solid} \protect \TLSins {...
l.26 ...he same color code from Figure 3 is used.}
                                                  
The control sequence at the end of the top line
of your error message was never \def'ed. If you have
misspelled it (e.g., `\hobx'), type `I' and the correct
spelling (e.g., `I\hbox'). Otherwise just continue,
and I'll forget about whatever was undefined.

! Undefined control sequence.
<argument> ...ct \TLSdel {Solid} \protect \TLSins 
                                                  {Dashed black} line, where...
l.26 ...he same color code from Figure 3 is used.}
                                                  
The control sequence at the end of the top line
of your error message was never \def'ed. If you have
misspelled it (e.g., `\hobx'), type `I' and the correct
spelling (e.g., `I\hbox'). Otherwise just continue,
and I'll forget about whatever was undefined.

! Undefined control sequence.
<argument> ...) Each of the five \protect \TLSdel 
                                                  {clusters.} \protect \TLSi...
l.26 ...he same color code from Figure 3 is used.}
                                                  
The control sequence at the end of the top line
of your error message was never \def'ed. If you have
misspelled it (e.g., `\hobx'), type `I' and the correct
spelling (e.g., `I\hbox'). Otherwise just continue,
and I'll forget about whatever was undefined.

! Undefined control sequence.
<argument> ...TLSdel {clusters.} \protect \TLSins 
                                                  {clusters progresively ord...
l.26 ...he same color code from Figure 3 is used.}
                                                  
The control sequence at the end of the top line
of your error message was never \def'ed. If you have
misspelled it (e.g., `\hobx'), type `I' and the correct
spelling (e.g., `I\hbox'). Otherwise just continue,
and I'll forget about whatever was undefined.


Underfull \vbox (badness 10000) has occurred while \output is active []

 [30 <./spec_rec_mag.png>]

pdfTeX warning: /usr/bin/pdflatex (file ./map_clusters_templates.pdf): PDF incl
usion: found PDF version <1.7>, but at most version <1.5> allowed
<map_clusters_templates.pdf, id=670, 1924.18875pt x 3038.35126pt>
File: map_clusters_templates.pdf Graphic file (type pdf)
<use map_clusters_templates.pdf>
Package pdftex.def Info: map_clusters_templates.pdf  used on input line 33.
(pdftex.def)             Requested size: 278.44153pt x 439.6456pt.
pdfTeX warning (ext4): destination with the same identifier (name{figure.5}) ha
s been already used, duplicate ignored
<to be read again> 
                   \relax 
l.34 ...the templates belonging to each cluster.}}
                                                  
! Undefined control sequence.
<argument> ...als Table S1). The \protect \TLSins 
                                                  {dashed blue line represen...
l.34 ...the templates belonging to each cluster.}}
                                                  
The control sequence at the end of the top line
of your error message was never \def'ed. If you have
misspelled it (e.g., `\hobx'), type `I' and the correct
spelling (e.g., `I\hbox'). Otherwise just continue,
and I'll forget about whatever was undefined.

! Undefined control sequence.
<argument> ... same as in Figure \protect \TLSdel 
                                                  {1.} \protect \TLSins {1. ...
l.34 ...the templates belonging to each cluster.}}
                                                  
The control sequence at the end of the top line
of your error message was never \def'ed. If you have
misspelled it (e.g., `\hobx'), type `I' and the correct
spelling (e.g., `I\hbox'). Otherwise just continue,
and I'll forget about whatever was undefined.

! Undefined control sequence.
<argument> ...otect \TLSdel {1.} \protect \TLSins 
                                                  {1. Each cluster is repres...
l.34 ...the templates belonging to each cluster.}}
                                                  
The control sequence at the end of the top line
of your error message was never \def'ed. If you have
misspelled it (e.g., `\hobx'), type `I' and the correct
spelling (e.g., `I\hbox'). Otherwise just continue,
and I'll forget about whatever was undefined.

pdfTeX warning (ext4): destination with the same identifier (name{figure.5}) ha
s been already used, duplicate ignored
<to be read again> 
                   \relax 
l.34 ...the templates belonging to each cluster.}}
                                                  
! Undefined control sequence.
<argument> ...als Table S1). The \protect \TLSins 
                                                  {dashed blue line represen...
l.34 ...the templates belonging to each cluster.}}
                                                  
The control sequence at the end of the top line
of your error message was never \def'ed. If you have
misspelled it (e.g., `\hobx'), type `I' and the correct
spelling (e.g., `I\hbox'). Otherwise just continue,
and I'll forget about whatever was undefined.

! Undefined control sequence.
<argument> ... same as in Figure \protect \TLSdel 
                                                  {1.} \protect \TLSins {1. ...
l.34 ...the templates belonging to each cluster.}}
                                                  
The control sequence at the end of the top line
of your error message was never \def'ed. If you have
misspelled it (e.g., `\hobx'), type `I' and the correct
spelling (e.g., `I\hbox'). Otherwise just continue,
and I'll forget about whatever was undefined.

! Undefined control sequence.
<argument> ...otect \TLSdel {1.} \protect \TLSins 
                                                  {1. Each cluster is repres...
l.34 ...the templates belonging to each cluster.}}
                                                  
The control sequence at the end of the top line
of your error message was never \def'ed. If you have
misspelled it (e.g., `\hobx'), type `I' and the correct
spelling (e.g., `I\hbox'). Otherwise just continue,
and I'll forget about whatever was undefined.


Underfull \vbox (badness 10000) has occurred while \output is active []

 [31 <./wigg_cc_mat_cluster.png>])
Underfull \vbox (badness 10000) has occurred while \output is active []

 [32 <./densities_plot-eps-converted-to.pdf>]
Overfull \vbox (71.21173pt too high) has occurred while \output is active []


[33 <./map_clusters_templates.pdf>]
Package atveryend Info: Empty hook `BeforeClearDocument' on input line 695.
Package atveryend Info: Empty hook `AfterLastShipout' on input line 695.
 (./trackedchanges_2019_Balsorano.aux)
Package atveryend Info: Executing hook `AtVeryEndDocument' on input line 695.
Package atveryend Info: Executing hook `AtEndAfterFileList' on input line 695.
Package rerunfilecheck Info: File `trackedchanges_2019_Balsorano.out' has not c
hanged.
(rerunfilecheck)             Checksum: D41D8CD98F00B204E9800998ECF8427E;0.
Package atveryend Info: Empty hook `AtVeryVeryEnd' on input line 695.
 ) 
Here is how much of TeX's memory you used:
 17156 strings out of 492982
 322591 string characters out of 6134897
 392746 words of memory out of 5000000
 20302 multiletter control sequences out of 15000+600000
 12652 words of font info for 43 fonts, out of 8000000 for 9000
 1141 hyphenation exceptions out of 8191
 62i,5n,56p,2478b,573s stack positions out of 5000i,500n,10000p,200000b,80000s
</usr/share/texlive/texmf-dist/fonts/type1/public/amsfonts/cm/cmbx10.pfb></us
r/share/texlive/texmf-dist/fonts/type1/public/amsfonts/cm/cmbx12.pfb></usr/shar
e/texlive/texmf-dist/fonts/type1/public/amsfonts/cm/cmmi10.pfb></usr/share/texl
ive/texmf-dist/fonts/type1/public/amsfonts/cm/cmmi12.pfb></usr/share/texlive/te
xmf-dist/fonts/type1/public/amsfonts/cm/cmmi8.pfb></usr/share/texlive/texmf-dis
t/fonts/type1/public/amsfonts/cm/cmr10.pfb></usr/share/texlive/texmf-dist/fonts
/type1/public/amsfonts/cm/cmr12.pfb></usr/share/texlive/texmf-dist/fonts/type1/
public/amsfonts/cm/cmr17.pfb></usr/share/texlive/texmf-dist/fonts/type1/public/
amsfonts/cm/cmr8.pfb></usr/share/texlive/texmf-dist/fonts/type1/public/amsfonts
/cm/cmss8.pfb></usr/share/texlive/texmf-dist/fonts/type1/public/amsfonts/cm/cms
y10.pfb></usr/share/texlive/texmf-dist/fonts/type1/public/amsfonts/cm/cmti10.pf
b></usr/share/texlive/texmf-dist/fonts/type1/public/amsfonts/cm/cmti12.pfb></us
r/share/texmf/fonts/type1/public/tex-gyre/qhvb.pfb></usr/share/texmf/fonts/type
1/public/tex-gyre/qhvr.pfb>
Output written on trackedchanges_2019_Balsorano.pdf (33 pages, 25153631 bytes).

PDF statistics:
 776 PDF objects out of 1000 (max. 8388607)
 671 compressed objects within 7 object streams
 124 named destinations out of 1000 (max. 500000)
 38 words of extra memory for PDF output out of 10000 (max. 10000000)

